[2022-11-16T05:55:45.083+0000] {taskinstance.py:1165} INFO - Dependencies all met for <TaskInstance: print_statements._print_world scheduled__2017-09-23T00:00:00+00:00 [queued]>
[2022-11-16T05:55:45.090+0000] {taskinstance.py:1165} INFO - Dependencies all met for <TaskInstance: print_statements._print_world scheduled__2017-09-23T00:00:00+00:00 [queued]>
[2022-11-16T05:55:45.091+0000] {taskinstance.py:1362} INFO - 
--------------------------------------------------------------------------------
[2022-11-16T05:55:45.092+0000] {taskinstance.py:1363} INFO - Starting attempt 1 of 2
[2022-11-16T05:55:45.092+0000] {taskinstance.py:1364} INFO - 
--------------------------------------------------------------------------------
[2022-11-16T05:55:45.102+0000] {taskinstance.py:1383} INFO - Executing <Task(_PythonDecoratedOperator): _print_world> on 2017-09-23 00:00:00+00:00
[2022-11-16T05:55:45.111+0000] {standard_task_runner.py:54} INFO - Started process 829 to run task
[2022-11-16T05:55:45.122+0000] {standard_task_runner.py:82} INFO - Running: ['***', 'tasks', 'run', 'print_statements', '_print_world', 'scheduled__2017-09-23T00:00:00+00:00', '--job-id', '232', '--raw', '--subdir', 'DAGS_FOLDER/test.py', '--cfg-path', '/tmp/tmpwhnehpch']
[2022-11-16T05:55:45.123+0000] {standard_task_runner.py:83} INFO - Job 232: Subtask _print_world
[2022-11-16T05:55:45.124+0000] {dagbag.py:525} INFO - Filling up the DagBag from /opt/***/dags/test.py
[2022-11-16T05:55:45.368+0000] {task_command.py:384} INFO - Running <TaskInstance: print_statements._print_world scheduled__2017-09-23T00:00:00+00:00 [running]> on host 999a890337df
[2022-11-16T05:55:45.421+0000] {taskinstance.py:1592} INFO - Exporting the following env vars:
AIRFLOW_CTX_DAG_OWNER=me
AIRFLOW_CTX_DAG_ID=print_statements
AIRFLOW_CTX_TASK_ID=_print_world
AIRFLOW_CTX_EXECUTION_DATE=2017-09-23T00:00:00+00:00
AIRFLOW_CTX_TRY_NUMBER=1
AIRFLOW_CTX_DAG_RUN_ID=scheduled__2017-09-23T00:00:00+00:00
[2022-11-16T05:55:45.422+0000] {logging_mixin.py:117} INFO - hello world
[2022-11-16T05:55:45.423+0000] {python.py:177} INFO - Done. Returned value was: None
[2022-11-16T05:55:45.431+0000] {taskinstance.py:1406} INFO - Marking task as SUCCESS. dag_id=print_statements, task_id=_print_world, execution_date=20170923T000000, start_date=20221116T055545, end_date=20221116T055545
[2022-11-16T05:55:45.495+0000] {local_task_job.py:164} INFO - Task exited with return code 0
[2022-11-16T05:55:45.513+0000] {local_task_job.py:273} INFO - 0 downstream tasks scheduled from follow-on schedule check
