[2022-11-16T05:54:49.201+0000] {taskinstance.py:1165} INFO - Dependencies all met for <TaskInstance: print_statements._print_world scheduled__2017-07-14T00:00:00+00:00 [queued]>
[2022-11-16T05:54:49.211+0000] {taskinstance.py:1165} INFO - Dependencies all met for <TaskInstance: print_statements._print_world scheduled__2017-07-14T00:00:00+00:00 [queued]>
[2022-11-16T05:54:49.212+0000] {taskinstance.py:1362} INFO - 
--------------------------------------------------------------------------------
[2022-11-16T05:54:49.218+0000] {taskinstance.py:1363} INFO - Starting attempt 1 of 2
[2022-11-16T05:54:49.219+0000] {taskinstance.py:1364} INFO - 
--------------------------------------------------------------------------------
[2022-11-16T05:54:49.229+0000] {taskinstance.py:1383} INFO - Executing <Task(_PythonDecoratedOperator): _print_world> on 2017-07-14 00:00:00+00:00
[2022-11-16T05:54:49.238+0000] {standard_task_runner.py:54} INFO - Started process 358 to run task
[2022-11-16T05:54:49.245+0000] {standard_task_runner.py:82} INFO - Running: ['***', 'tasks', 'run', 'print_statements', '_print_world', 'scheduled__2017-07-14T00:00:00+00:00', '--job-id', '90', '--raw', '--subdir', 'DAGS_FOLDER/test.py', '--cfg-path', '/tmp/tmpp3ivbaia']
[2022-11-16T05:54:49.246+0000] {standard_task_runner.py:83} INFO - Job 90: Subtask _print_world
[2022-11-16T05:54:49.247+0000] {dagbag.py:525} INFO - Filling up the DagBag from /opt/***/dags/test.py
[2022-11-16T05:54:49.475+0000] {task_command.py:384} INFO - Running <TaskInstance: print_statements._print_world scheduled__2017-07-14T00:00:00+00:00 [running]> on host 999a890337df
[2022-11-16T05:54:49.533+0000] {taskinstance.py:1592} INFO - Exporting the following env vars:
AIRFLOW_CTX_DAG_OWNER=me
AIRFLOW_CTX_DAG_ID=print_statements
AIRFLOW_CTX_TASK_ID=_print_world
AIRFLOW_CTX_EXECUTION_DATE=2017-07-14T00:00:00+00:00
AIRFLOW_CTX_TRY_NUMBER=1
AIRFLOW_CTX_DAG_RUN_ID=scheduled__2017-07-14T00:00:00+00:00
[2022-11-16T05:54:49.535+0000] {logging_mixin.py:117} INFO - hello world
[2022-11-16T05:54:49.535+0000] {python.py:177} INFO - Done. Returned value was: None
[2022-11-16T05:54:49.545+0000] {taskinstance.py:1406} INFO - Marking task as SUCCESS. dag_id=print_statements, task_id=_print_world, execution_date=20170714T000000, start_date=20221116T055449, end_date=20221116T055449
[2022-11-16T05:54:49.573+0000] {local_task_job.py:164} INFO - Task exited with return code 0
[2022-11-16T05:54:49.590+0000] {local_task_job.py:273} INFO - 0 downstream tasks scheduled from follow-on schedule check
