[2022-11-16T05:38:47.119+0000] {taskinstance.py:1165} INFO - Dependencies all met for <TaskInstance: airflow_tutorial_v01._print_world scheduled__2017-08-01T16:00:00+00:00 [queued]>
[2022-11-16T05:38:47.143+0000] {taskinstance.py:1165} INFO - Dependencies all met for <TaskInstance: airflow_tutorial_v01._print_world scheduled__2017-08-01T16:00:00+00:00 [queued]>
[2022-11-16T05:38:47.144+0000] {taskinstance.py:1362} INFO - 
--------------------------------------------------------------------------------
[2022-11-16T05:38:47.144+0000] {taskinstance.py:1363} INFO - Starting attempt 1 of 2
[2022-11-16T05:38:47.145+0000] {taskinstance.py:1364} INFO - 
--------------------------------------------------------------------------------
[2022-11-16T05:38:47.213+0000] {taskinstance.py:1383} INFO - Executing <Task(_PythonDecoratedOperator): _print_world> on 2017-08-01 16:00:00+00:00
[2022-11-16T05:38:47.238+0000] {standard_task_runner.py:54} INFO - Started process 1233 to run task
[2022-11-16T05:38:47.253+0000] {standard_task_runner.py:82} INFO - Running: ['***', 'tasks', 'run', '***_tutorial_v01', '_print_world', 'scheduled__2017-08-01T16:00:00+00:00', '--job-id', '208', '--raw', '--subdir', 'DAGS_FOLDER/test.py', '--cfg-path', '/tmp/tmp_vf8c5v8']
[2022-11-16T05:38:47.255+0000] {standard_task_runner.py:83} INFO - Job 208: Subtask _print_world
[2022-11-16T05:38:47.256+0000] {dagbag.py:525} INFO - Filling up the DagBag from /opt/***/dags/test.py
[2022-11-16T05:38:47.780+0000] {task_command.py:384} INFO - Running <TaskInstance: airflow_tutorial_v01._print_world scheduled__2017-08-01T16:00:00+00:00 [running]> on host fe2268fd6bfb
[2022-11-16T05:38:47.859+0000] {taskinstance.py:1592} INFO - Exporting the following env vars:
AIRFLOW_CTX_DAG_OWNER=me
AIRFLOW_CTX_DAG_ID=***_tutorial_v01
AIRFLOW_CTX_TASK_ID=_print_world
AIRFLOW_CTX_EXECUTION_DATE=2017-08-01T16:00:00+00:00
AIRFLOW_CTX_TRY_NUMBER=1
AIRFLOW_CTX_DAG_RUN_ID=scheduled__2017-08-01T16:00:00+00:00
[2022-11-16T05:38:47.861+0000] {logging_mixin.py:117} INFO - hello world
[2022-11-16T05:38:47.863+0000] {python.py:177} INFO - Done. Returned value was: None
[2022-11-16T05:38:47.873+0000] {taskinstance.py:1406} INFO - Marking task as SUCCESS. dag_id=***_tutorial_v01, task_id=_print_world, execution_date=20170801T160000, start_date=20221116T053847, end_date=20221116T053847
[2022-11-16T05:38:47.948+0000] {local_task_job.py:164} INFO - Task exited with return code 0
[2022-11-16T05:38:47.968+0000] {local_task_job.py:273} INFO - 0 downstream tasks scheduled from follow-on schedule check
