[2022-11-16T05:54:21.445+0000] {taskinstance.py:1165} INFO - Dependencies all met for <TaskInstance: print_statements._print_world scheduled__2017-06-05T00:00:00+00:00 [queued]>
[2022-11-16T05:54:21.531+0000] {taskinstance.py:1165} INFO - Dependencies all met for <TaskInstance: print_statements._print_world scheduled__2017-06-05T00:00:00+00:00 [queued]>
[2022-11-16T05:54:21.540+0000] {taskinstance.py:1362} INFO - 
--------------------------------------------------------------------------------
[2022-11-16T05:54:21.548+0000] {taskinstance.py:1363} INFO - Starting attempt 1 of 2
[2022-11-16T05:54:21.548+0000] {taskinstance.py:1364} INFO - 
--------------------------------------------------------------------------------
[2022-11-16T05:54:21.621+0000] {taskinstance.py:1383} INFO - Executing <Task(_PythonDecoratedOperator): _print_world> on 2017-06-05 00:00:00+00:00
[2022-11-16T05:54:21.632+0000] {standard_task_runner.py:54} INFO - Started process 103 to run task
[2022-11-16T05:54:21.651+0000] {standard_task_runner.py:82} INFO - Running: ['***', 'tasks', 'run', 'print_statements', '_print_world', 'scheduled__2017-06-05T00:00:00+00:00', '--job-id', '12', '--raw', '--subdir', 'DAGS_FOLDER/test.py', '--cfg-path', '/tmp/tmpblyjrgm2']
[2022-11-16T05:54:21.653+0000] {standard_task_runner.py:83} INFO - Job 12: Subtask _print_world
[2022-11-16T05:54:21.656+0000] {dagbag.py:525} INFO - Filling up the DagBag from /opt/***/dags/test.py
[2022-11-16T05:54:22.377+0000] {task_command.py:384} INFO - Running <TaskInstance: print_statements._print_world scheduled__2017-06-05T00:00:00+00:00 [running]> on host 999a890337df
[2022-11-16T05:54:22.609+0000] {taskinstance.py:1592} INFO - Exporting the following env vars:
AIRFLOW_CTX_DAG_OWNER=me
AIRFLOW_CTX_DAG_ID=print_statements
AIRFLOW_CTX_TASK_ID=_print_world
AIRFLOW_CTX_EXECUTION_DATE=2017-06-05T00:00:00+00:00
AIRFLOW_CTX_TRY_NUMBER=1
AIRFLOW_CTX_DAG_RUN_ID=scheduled__2017-06-05T00:00:00+00:00
[2022-11-16T05:54:22.616+0000] {logging_mixin.py:117} INFO - hello world
[2022-11-16T05:54:22.617+0000] {python.py:177} INFO - Done. Returned value was: None
[2022-11-16T05:54:22.650+0000] {taskinstance.py:1406} INFO - Marking task as SUCCESS. dag_id=print_statements, task_id=_print_world, execution_date=20170605T000000, start_date=20221116T055421, end_date=20221116T055422
[2022-11-16T05:54:22.762+0000] {local_task_job.py:164} INFO - Task exited with return code 0
[2022-11-16T05:54:22.802+0000] {local_task_job.py:273} INFO - 0 downstream tasks scheduled from follow-on schedule check
