[2022-11-16T05:55:22.116+0000] {taskinstance.py:1165} INFO - Dependencies all met for <TaskInstance: print_statements._print_hey scheduled__2017-08-22T00:00:00+00:00 [queued]>
[2022-11-16T05:55:22.127+0000] {taskinstance.py:1165} INFO - Dependencies all met for <TaskInstance: print_statements._print_hey scheduled__2017-08-22T00:00:00+00:00 [queued]>
[2022-11-16T05:55:22.128+0000] {taskinstance.py:1362} INFO - 
--------------------------------------------------------------------------------
[2022-11-16T05:55:22.130+0000] {taskinstance.py:1363} INFO - Starting attempt 1 of 2
[2022-11-16T05:55:22.131+0000] {taskinstance.py:1364} INFO - 
--------------------------------------------------------------------------------
[2022-11-16T05:55:22.153+0000] {taskinstance.py:1383} INFO - Executing <Task(_PythonDecoratedOperator): _print_hey> on 2017-08-22 00:00:00+00:00
[2022-11-16T05:55:22.161+0000] {standard_task_runner.py:54} INFO - Started process 622 to run task
[2022-11-16T05:55:22.176+0000] {standard_task_runner.py:82} INFO - Running: ['***', 'tasks', 'run', 'print_statements', '_print_hey', 'scheduled__2017-08-22T00:00:00+00:00', '--job-id', '167', '--raw', '--subdir', 'DAGS_FOLDER/test.py', '--cfg-path', '/tmp/tmprbpaqzbu']
[2022-11-16T05:55:22.178+0000] {standard_task_runner.py:83} INFO - Job 167: Subtask _print_hey
[2022-11-16T05:55:22.180+0000] {dagbag.py:525} INFO - Filling up the DagBag from /opt/***/dags/test.py
[2022-11-16T05:55:22.883+0000] {task_command.py:384} INFO - Running <TaskInstance: print_statements._print_hey scheduled__2017-08-22T00:00:00+00:00 [running]> on host 999a890337df
[2022-11-16T05:55:22.979+0000] {taskinstance.py:1592} INFO - Exporting the following env vars:
AIRFLOW_CTX_DAG_OWNER=me
AIRFLOW_CTX_DAG_ID=print_statements
AIRFLOW_CTX_TASK_ID=_print_hey
AIRFLOW_CTX_EXECUTION_DATE=2017-08-22T00:00:00+00:00
AIRFLOW_CTX_TRY_NUMBER=1
AIRFLOW_CTX_DAG_RUN_ID=scheduled__2017-08-22T00:00:00+00:00
[2022-11-16T05:55:22.984+0000] {logging_mixin.py:117} INFO - hey gabriel
[2022-11-16T05:55:22.984+0000] {python.py:177} INFO - Done. Returned value was: None
[2022-11-16T05:55:23.004+0000] {taskinstance.py:1406} INFO - Marking task as SUCCESS. dag_id=print_statements, task_id=_print_hey, execution_date=20170822T000000, start_date=20221116T055522, end_date=20221116T055523
[2022-11-16T05:55:23.084+0000] {local_task_job.py:164} INFO - Task exited with return code 0
[2022-11-16T05:55:23.121+0000] {local_task_job.py:273} INFO - 0 downstream tasks scheduled from follow-on schedule check
