[2022-11-15T20:50:13.784+0000] {taskinstance.py:1165} INFO - Dependencies all met for <TaskInstance: airflow_tutorial_v01.sleep scheduled__2017-06-01T06:00:00+00:00 [queued]>
[2022-11-15T20:50:13.829+0000] {taskinstance.py:1165} INFO - Dependencies all met for <TaskInstance: airflow_tutorial_v01.sleep scheduled__2017-06-01T06:00:00+00:00 [queued]>
[2022-11-15T20:50:13.835+0000] {taskinstance.py:1362} INFO - 
--------------------------------------------------------------------------------
[2022-11-15T20:50:13.835+0000] {taskinstance.py:1363} INFO - Starting attempt 1 of 2
[2022-11-15T20:50:13.836+0000] {taskinstance.py:1364} INFO - 
--------------------------------------------------------------------------------
[2022-11-15T20:50:13.858+0000] {taskinstance.py:1383} INFO - Executing <Task(BashOperator): sleep> on 2017-06-01 06:00:00+00:00
[2022-11-15T20:50:13.865+0000] {standard_task_runner.py:54} INFO - Started process 153 to run task
[2022-11-15T20:50:13.875+0000] {standard_task_runner.py:82} INFO - Running: ['***', 'tasks', 'run', '***_tutorial_v01', 'sleep', 'scheduled__2017-06-01T06:00:00+00:00', '--job-id', '21', '--raw', '--subdir', 'DAGS_FOLDER/test.py', '--cfg-path', '/tmp/tmp0idudtv0']
[2022-11-15T20:50:13.876+0000] {standard_task_runner.py:83} INFO - Job 21: Subtask sleep
[2022-11-15T20:50:13.877+0000] {dagbag.py:525} INFO - Filling up the DagBag from /opt/***/dags/test.py
[2022-11-15T20:50:14.035+0000] {task_command.py:384} INFO - Running <TaskInstance: airflow_tutorial_v01.sleep scheduled__2017-06-01T06:00:00+00:00 [running]> on host 693fa0444ec9
[2022-11-15T20:50:14.164+0000] {taskinstance.py:1592} INFO - Exporting the following env vars:
AIRFLOW_CTX_DAG_OWNER=me
AIRFLOW_CTX_DAG_ID=***_tutorial_v01
AIRFLOW_CTX_TASK_ID=sleep
AIRFLOW_CTX_EXECUTION_DATE=2017-06-01T06:00:00+00:00
AIRFLOW_CTX_TRY_NUMBER=1
AIRFLOW_CTX_DAG_RUN_ID=scheduled__2017-06-01T06:00:00+00:00
[2022-11-15T20:50:14.167+0000] {subprocess.py:63} INFO - Tmp dir root location: 
 /tmp
[2022-11-15T20:50:14.169+0000] {subprocess.py:75} INFO - Running command: ['/bin/bash', '-c', 'sleep 5']
[2022-11-15T20:50:14.209+0000] {subprocess.py:86} INFO - Output:
[2022-11-15T20:50:19.230+0000] {subprocess.py:97} INFO - Command exited with return code 0
[2022-11-15T20:50:19.294+0000] {taskinstance.py:1406} INFO - Marking task as SUCCESS. dag_id=***_tutorial_v01, task_id=sleep, execution_date=20170601T060000, start_date=20221115T205013, end_date=20221115T205019
[2022-11-15T20:50:19.332+0000] {local_task_job.py:164} INFO - Task exited with return code 0
[2022-11-15T20:50:19.348+0000] {local_task_job.py:273} INFO - 1 downstream tasks scheduled from follow-on schedule check
