[2022-11-15T20:50:12.293+0000] {taskinstance.py:1165} INFO - Dependencies all met for <TaskInstance: airflow_tutorial_v01.print_hello scheduled__2017-06-01T06:00:00+00:00 [queued]>
[2022-11-15T20:50:12.306+0000] {taskinstance.py:1165} INFO - Dependencies all met for <TaskInstance: airflow_tutorial_v01.print_hello scheduled__2017-06-01T06:00:00+00:00 [queued]>
[2022-11-15T20:50:12.310+0000] {taskinstance.py:1362} INFO - 
--------------------------------------------------------------------------------
[2022-11-15T20:50:12.313+0000] {taskinstance.py:1363} INFO - Starting attempt 1 of 2
[2022-11-15T20:50:12.314+0000] {taskinstance.py:1364} INFO - 
--------------------------------------------------------------------------------
[2022-11-15T20:50:12.344+0000] {taskinstance.py:1383} INFO - Executing <Task(BashOperator): print_hello> on 2017-06-01 06:00:00+00:00
[2022-11-15T20:50:12.353+0000] {standard_task_runner.py:54} INFO - Started process 121 to run task
[2022-11-15T20:50:12.374+0000] {standard_task_runner.py:82} INFO - Running: ['***', 'tasks', 'run', '***_tutorial_v01', 'print_hello', 'scheduled__2017-06-01T06:00:00+00:00', '--job-id', '11', '--raw', '--subdir', 'DAGS_FOLDER/test.py', '--cfg-path', '/tmp/tmp0marhius']
[2022-11-15T20:50:12.375+0000] {standard_task_runner.py:83} INFO - Job 11: Subtask print_hello
[2022-11-15T20:50:12.377+0000] {dagbag.py:525} INFO - Filling up the DagBag from /opt/***/dags/test.py
[2022-11-15T20:50:12.588+0000] {task_command.py:384} INFO - Running <TaskInstance: airflow_tutorial_v01.print_hello scheduled__2017-06-01T06:00:00+00:00 [running]> on host 693fa0444ec9
[2022-11-15T20:50:12.742+0000] {taskinstance.py:1592} INFO - Exporting the following env vars:
AIRFLOW_CTX_DAG_OWNER=me
AIRFLOW_CTX_DAG_ID=***_tutorial_v01
AIRFLOW_CTX_TASK_ID=print_hello
AIRFLOW_CTX_EXECUTION_DATE=2017-06-01T06:00:00+00:00
AIRFLOW_CTX_TRY_NUMBER=1
AIRFLOW_CTX_DAG_RUN_ID=scheduled__2017-06-01T06:00:00+00:00
[2022-11-15T20:50:12.745+0000] {subprocess.py:63} INFO - Tmp dir root location: 
 /tmp
[2022-11-15T20:50:12.750+0000] {subprocess.py:75} INFO - Running command: ['/bin/bash', '-c', 'echo "hello"']
[2022-11-15T20:50:12.813+0000] {subprocess.py:86} INFO - Output:
[2022-11-15T20:50:12.828+0000] {subprocess.py:93} INFO - hello
[2022-11-15T20:50:12.836+0000] {subprocess.py:97} INFO - Command exited with return code 0
[2022-11-15T20:50:12.900+0000] {taskinstance.py:1406} INFO - Marking task as SUCCESS. dag_id=***_tutorial_v01, task_id=print_hello, execution_date=20170601T060000, start_date=20221115T205012, end_date=20221115T205012
[2022-11-15T20:50:12.949+0000] {local_task_job.py:164} INFO - Task exited with return code 0
[2022-11-15T20:50:13.060+0000] {local_task_job.py:273} INFO - 0 downstream tasks scheduled from follow-on schedule check
