[2022-11-16T05:55:02.450+0000] {taskinstance.py:1165} INFO - Dependencies all met for <TaskInstance: print_statements._print_hey scheduled__2017-07-31T00:00:00+00:00 [queued]>
[2022-11-16T05:55:02.471+0000] {taskinstance.py:1165} INFO - Dependencies all met for <TaskInstance: print_statements._print_hey scheduled__2017-07-31T00:00:00+00:00 [queued]>
[2022-11-16T05:55:02.472+0000] {taskinstance.py:1362} INFO - 
--------------------------------------------------------------------------------
[2022-11-16T05:55:02.472+0000] {taskinstance.py:1363} INFO - Starting attempt 1 of 2
[2022-11-16T05:55:02.473+0000] {taskinstance.py:1364} INFO - 
--------------------------------------------------------------------------------
[2022-11-16T05:55:02.491+0000] {taskinstance.py:1383} INFO - Executing <Task(_PythonDecoratedOperator): _print_hey> on 2017-07-31 00:00:00+00:00
[2022-11-16T05:55:02.495+0000] {standard_task_runner.py:54} INFO - Started process 471 to run task
[2022-11-16T05:55:02.511+0000] {standard_task_runner.py:82} INFO - Running: ['***', 'tasks', 'run', 'print_statements', '_print_hey', 'scheduled__2017-07-31T00:00:00+00:00', '--job-id', '124', '--raw', '--subdir', 'DAGS_FOLDER/test.py', '--cfg-path', '/tmp/tmpbnhq4g_g']
[2022-11-16T05:55:02.512+0000] {standard_task_runner.py:83} INFO - Job 124: Subtask _print_hey
[2022-11-16T05:55:02.513+0000] {dagbag.py:525} INFO - Filling up the DagBag from /opt/***/dags/test.py
[2022-11-16T05:55:02.845+0000] {task_command.py:384} INFO - Running <TaskInstance: print_statements._print_hey scheduled__2017-07-31T00:00:00+00:00 [running]> on host 999a890337df
[2022-11-16T05:55:02.907+0000] {taskinstance.py:1592} INFO - Exporting the following env vars:
AIRFLOW_CTX_DAG_OWNER=me
AIRFLOW_CTX_DAG_ID=print_statements
AIRFLOW_CTX_TASK_ID=_print_hey
AIRFLOW_CTX_EXECUTION_DATE=2017-07-31T00:00:00+00:00
AIRFLOW_CTX_TRY_NUMBER=1
AIRFLOW_CTX_DAG_RUN_ID=scheduled__2017-07-31T00:00:00+00:00
[2022-11-16T05:55:02.908+0000] {logging_mixin.py:117} INFO - hey gabriel
[2022-11-16T05:55:02.909+0000] {python.py:177} INFO - Done. Returned value was: None
[2022-11-16T05:55:02.923+0000] {taskinstance.py:1406} INFO - Marking task as SUCCESS. dag_id=print_statements, task_id=_print_hey, execution_date=20170731T000000, start_date=20221116T055502, end_date=20221116T055502
[2022-11-16T05:55:02.972+0000] {local_task_job.py:164} INFO - Task exited with return code 0
[2022-11-16T05:55:02.990+0000] {local_task_job.py:273} INFO - 0 downstream tasks scheduled from follow-on schedule check
