[2022-11-16T05:56:02.757+0000] {taskinstance.py:1165} INFO - Dependencies all met for <TaskInstance: print_statements._print_hey scheduled__2017-10-12T00:00:00+00:00 [queued]>
[2022-11-16T05:56:02.826+0000] {taskinstance.py:1165} INFO - Dependencies all met for <TaskInstance: print_statements._print_hey scheduled__2017-10-12T00:00:00+00:00 [queued]>
[2022-11-16T05:56:02.828+0000] {taskinstance.py:1362} INFO - 
--------------------------------------------------------------------------------
[2022-11-16T05:56:02.830+0000] {taskinstance.py:1363} INFO - Starting attempt 1 of 2
[2022-11-16T05:56:02.831+0000] {taskinstance.py:1364} INFO - 
--------------------------------------------------------------------------------
[2022-11-16T05:56:02.877+0000] {taskinstance.py:1383} INFO - Executing <Task(_PythonDecoratedOperator): _print_hey> on 2017-10-12 00:00:00+00:00
[2022-11-16T05:56:02.884+0000] {standard_task_runner.py:54} INFO - Started process 952 to run task
[2022-11-16T05:56:02.922+0000] {standard_task_runner.py:82} INFO - Running: ['***', 'tasks', 'run', 'print_statements', '_print_hey', 'scheduled__2017-10-12T00:00:00+00:00', '--job-id', '269', '--raw', '--subdir', 'DAGS_FOLDER/test.py', '--cfg-path', '/tmp/tmpeyhd34fc']
[2022-11-16T05:56:02.925+0000] {standard_task_runner.py:83} INFO - Job 269: Subtask _print_hey
[2022-11-16T05:56:02.927+0000] {dagbag.py:525} INFO - Filling up the DagBag from /opt/***/dags/test.py
[2022-11-16T05:56:03.590+0000] {task_command.py:384} INFO - Running <TaskInstance: print_statements._print_hey scheduled__2017-10-12T00:00:00+00:00 [running]> on host 999a890337df
[2022-11-16T05:56:03.672+0000] {taskinstance.py:1592} INFO - Exporting the following env vars:
AIRFLOW_CTX_DAG_OWNER=me
AIRFLOW_CTX_DAG_ID=print_statements
AIRFLOW_CTX_TASK_ID=_print_hey
AIRFLOW_CTX_EXECUTION_DATE=2017-10-12T00:00:00+00:00
AIRFLOW_CTX_TRY_NUMBER=1
AIRFLOW_CTX_DAG_RUN_ID=scheduled__2017-10-12T00:00:00+00:00
[2022-11-16T05:56:03.676+0000] {logging_mixin.py:117} INFO - hey gabriel
[2022-11-16T05:56:03.677+0000] {python.py:177} INFO - Done. Returned value was: None
[2022-11-16T05:56:03.688+0000] {taskinstance.py:1406} INFO - Marking task as SUCCESS. dag_id=print_statements, task_id=_print_hey, execution_date=20171012T000000, start_date=20221116T055602, end_date=20221116T055603
[2022-11-16T05:56:03.756+0000] {local_task_job.py:164} INFO - Task exited with return code 0
[2022-11-16T05:56:03.778+0000] {local_task_job.py:273} INFO - 0 downstream tasks scheduled from follow-on schedule check
