[2022-11-16T05:55:07.309+0000] {taskinstance.py:1165} INFO - Dependencies all met for <TaskInstance: print_statements._print_hey scheduled__2017-08-04T00:00:00+00:00 [queued]>
[2022-11-16T05:55:07.321+0000] {taskinstance.py:1165} INFO - Dependencies all met for <TaskInstance: print_statements._print_hey scheduled__2017-08-04T00:00:00+00:00 [queued]>
[2022-11-16T05:55:07.323+0000] {taskinstance.py:1362} INFO - 
--------------------------------------------------------------------------------
[2022-11-16T05:55:07.324+0000] {taskinstance.py:1363} INFO - Starting attempt 1 of 2
[2022-11-16T05:55:07.326+0000] {taskinstance.py:1364} INFO - 
--------------------------------------------------------------------------------
[2022-11-16T05:55:07.351+0000] {taskinstance.py:1383} INFO - Executing <Task(_PythonDecoratedOperator): _print_hey> on 2017-08-04 00:00:00+00:00
[2022-11-16T05:55:07.363+0000] {standard_task_runner.py:54} INFO - Started process 496 to run task
[2022-11-16T05:55:07.372+0000] {standard_task_runner.py:82} INFO - Running: ['***', 'tasks', 'run', 'print_statements', '_print_hey', 'scheduled__2017-08-04T00:00:00+00:00', '--job-id', '131', '--raw', '--subdir', 'DAGS_FOLDER/test.py', '--cfg-path', '/tmp/tmp7_jsujdk']
[2022-11-16T05:55:07.376+0000] {standard_task_runner.py:83} INFO - Job 131: Subtask _print_hey
[2022-11-16T05:55:07.380+0000] {dagbag.py:525} INFO - Filling up the DagBag from /opt/***/dags/test.py
[2022-11-16T05:55:07.890+0000] {task_command.py:384} INFO - Running <TaskInstance: print_statements._print_hey scheduled__2017-08-04T00:00:00+00:00 [running]> on host 999a890337df
[2022-11-16T05:55:08.021+0000] {taskinstance.py:1592} INFO - Exporting the following env vars:
AIRFLOW_CTX_DAG_OWNER=me
AIRFLOW_CTX_DAG_ID=print_statements
AIRFLOW_CTX_TASK_ID=_print_hey
AIRFLOW_CTX_EXECUTION_DATE=2017-08-04T00:00:00+00:00
AIRFLOW_CTX_TRY_NUMBER=1
AIRFLOW_CTX_DAG_RUN_ID=scheduled__2017-08-04T00:00:00+00:00
[2022-11-16T05:55:08.022+0000] {logging_mixin.py:117} INFO - hey gabriel
[2022-11-16T05:55:08.023+0000] {python.py:177} INFO - Done. Returned value was: None
[2022-11-16T05:55:08.035+0000] {taskinstance.py:1406} INFO - Marking task as SUCCESS. dag_id=print_statements, task_id=_print_hey, execution_date=20170804T000000, start_date=20221116T055507, end_date=20221116T055508
[2022-11-16T05:55:08.125+0000] {local_task_job.py:164} INFO - Task exited with return code 0
[2022-11-16T05:55:08.167+0000] {local_task_job.py:273} INFO - 0 downstream tasks scheduled from follow-on schedule check
