[2022-11-16T05:55:47.820+0000] {taskinstance.py:1165} INFO - Dependencies all met for <TaskInstance: print_statements._print_world scheduled__2017-09-26T00:00:00+00:00 [queued]>
[2022-11-16T05:55:47.840+0000] {taskinstance.py:1165} INFO - Dependencies all met for <TaskInstance: print_statements._print_world scheduled__2017-09-26T00:00:00+00:00 [queued]>
[2022-11-16T05:55:47.841+0000] {taskinstance.py:1362} INFO - 
--------------------------------------------------------------------------------
[2022-11-16T05:55:47.847+0000] {taskinstance.py:1363} INFO - Starting attempt 1 of 2
[2022-11-16T05:55:47.848+0000] {taskinstance.py:1364} INFO - 
--------------------------------------------------------------------------------
[2022-11-16T05:55:47.862+0000] {taskinstance.py:1383} INFO - Executing <Task(_PythonDecoratedOperator): _print_world> on 2017-09-26 00:00:00+00:00
[2022-11-16T05:55:47.873+0000] {standard_task_runner.py:54} INFO - Started process 850 to run task
[2022-11-16T05:55:47.892+0000] {standard_task_runner.py:82} INFO - Running: ['***', 'tasks', 'run', 'print_statements', '_print_world', 'scheduled__2017-09-26T00:00:00+00:00', '--job-id', '238', '--raw', '--subdir', 'DAGS_FOLDER/test.py', '--cfg-path', '/tmp/tmpgwmuc10v']
[2022-11-16T05:55:47.893+0000] {standard_task_runner.py:83} INFO - Job 238: Subtask _print_world
[2022-11-16T05:55:47.900+0000] {dagbag.py:525} INFO - Filling up the DagBag from /opt/***/dags/test.py
[2022-11-16T05:55:48.321+0000] {task_command.py:384} INFO - Running <TaskInstance: print_statements._print_world scheduled__2017-09-26T00:00:00+00:00 [running]> on host 999a890337df
[2022-11-16T05:55:48.388+0000] {taskinstance.py:1592} INFO - Exporting the following env vars:
AIRFLOW_CTX_DAG_OWNER=me
AIRFLOW_CTX_DAG_ID=print_statements
AIRFLOW_CTX_TASK_ID=_print_world
AIRFLOW_CTX_EXECUTION_DATE=2017-09-26T00:00:00+00:00
AIRFLOW_CTX_TRY_NUMBER=1
AIRFLOW_CTX_DAG_RUN_ID=scheduled__2017-09-26T00:00:00+00:00
[2022-11-16T05:55:48.389+0000] {logging_mixin.py:117} INFO - hello world
[2022-11-16T05:55:48.390+0000] {python.py:177} INFO - Done. Returned value was: None
[2022-11-16T05:55:48.401+0000] {taskinstance.py:1406} INFO - Marking task as SUCCESS. dag_id=print_statements, task_id=_print_world, execution_date=20170926T000000, start_date=20221116T055547, end_date=20221116T055548
[2022-11-16T05:55:48.475+0000] {local_task_job.py:164} INFO - Task exited with return code 0
[2022-11-16T05:55:48.494+0000] {local_task_job.py:273} INFO - 0 downstream tasks scheduled from follow-on schedule check
