[2022-11-16T05:33:33.537+0000] {taskinstance.py:1165} INFO - Dependencies all met for <TaskInstance: airflow_tutorial_v01._print_world scheduled__2017-07-15T16:00:00+00:00 [queued]>
[2022-11-16T05:33:33.544+0000] {taskinstance.py:1165} INFO - Dependencies all met for <TaskInstance: airflow_tutorial_v01._print_world scheduled__2017-07-15T16:00:00+00:00 [queued]>
[2022-11-16T05:33:33.546+0000] {taskinstance.py:1362} INFO - 
--------------------------------------------------------------------------------
[2022-11-16T05:33:33.559+0000] {taskinstance.py:1363} INFO - Starting attempt 1 of 2
[2022-11-16T05:33:33.560+0000] {taskinstance.py:1364} INFO - 
--------------------------------------------------------------------------------
[2022-11-16T05:33:33.580+0000] {taskinstance.py:1383} INFO - Executing <Task(_PythonDecoratedOperator): _print_world> on 2017-07-15 16:00:00+00:00
[2022-11-16T05:33:33.588+0000] {standard_task_runner.py:54} INFO - Started process 830 to run task
[2022-11-16T05:33:33.603+0000] {standard_task_runner.py:82} INFO - Running: ['***', 'tasks', 'run', '***_tutorial_v01', '_print_world', 'scheduled__2017-07-15T16:00:00+00:00', '--job-id', '161', '--raw', '--subdir', 'DAGS_FOLDER/test.py', '--cfg-path', '/tmp/tmp9e84d4lt']
[2022-11-16T05:33:33.604+0000] {standard_task_runner.py:83} INFO - Job 161: Subtask _print_world
[2022-11-16T05:33:33.605+0000] {dagbag.py:525} INFO - Filling up the DagBag from /opt/***/dags/test.py
[2022-11-16T05:33:34.249+0000] {task_command.py:384} INFO - Running <TaskInstance: airflow_tutorial_v01._print_world scheduled__2017-07-15T16:00:00+00:00 [running]> on host fe2268fd6bfb
[2022-11-16T05:33:34.338+0000] {taskinstance.py:1592} INFO - Exporting the following env vars:
AIRFLOW_CTX_DAG_OWNER=me
AIRFLOW_CTX_DAG_ID=***_tutorial_v01
AIRFLOW_CTX_TASK_ID=_print_world
AIRFLOW_CTX_EXECUTION_DATE=2017-07-15T16:00:00+00:00
AIRFLOW_CTX_TRY_NUMBER=1
AIRFLOW_CTX_DAG_RUN_ID=scheduled__2017-07-15T16:00:00+00:00
[2022-11-16T05:33:34.339+0000] {logging_mixin.py:117} INFO - hello world
[2022-11-16T05:33:34.342+0000] {python.py:177} INFO - Done. Returned value was: None
[2022-11-16T05:33:34.355+0000] {taskinstance.py:1406} INFO - Marking task as SUCCESS. dag_id=***_tutorial_v01, task_id=_print_world, execution_date=20170715T160000, start_date=20221116T053333, end_date=20221116T053334
[2022-11-16T05:33:34.425+0000] {local_task_job.py:164} INFO - Task exited with return code 0
[2022-11-16T05:33:34.446+0000] {local_task_job.py:273} INFO - 0 downstream tasks scheduled from follow-on schedule check
