[2022-11-16T05:28:20.211+0000] {taskinstance.py:1165} INFO - Dependencies all met for <TaskInstance: airflow_tutorial_v01._print_world scheduled__2017-06-30T16:00:00+00:00 [queued]>
[2022-11-16T05:28:20.226+0000] {taskinstance.py:1165} INFO - Dependencies all met for <TaskInstance: airflow_tutorial_v01._print_world scheduled__2017-06-30T16:00:00+00:00 [queued]>
[2022-11-16T05:28:20.226+0000] {taskinstance.py:1362} INFO - 
--------------------------------------------------------------------------------
[2022-11-16T05:28:20.227+0000] {taskinstance.py:1363} INFO - Starting attempt 1 of 2
[2022-11-16T05:28:20.228+0000] {taskinstance.py:1364} INFO - 
--------------------------------------------------------------------------------
[2022-11-16T05:28:20.241+0000] {taskinstance.py:1383} INFO - Executing <Task(_PythonDecoratedOperator): _print_world> on 2017-06-30 16:00:00+00:00
[2022-11-16T05:28:20.247+0000] {standard_task_runner.py:54} INFO - Started process 617 to run task
[2022-11-16T05:28:20.260+0000] {standard_task_runner.py:82} INFO - Running: ['***', 'tasks', 'run', '***_tutorial_v01', '_print_world', 'scheduled__2017-06-30T16:00:00+00:00', '--job-id', '115', '--raw', '--subdir', 'DAGS_FOLDER/test.py', '--cfg-path', '/tmp/tmpx1ar7lh2']
[2022-11-16T05:28:20.261+0000] {standard_task_runner.py:83} INFO - Job 115: Subtask _print_world
[2022-11-16T05:28:20.262+0000] {dagbag.py:525} INFO - Filling up the DagBag from /opt/***/dags/test.py
[2022-11-16T05:28:20.505+0000] {task_command.py:384} INFO - Running <TaskInstance: airflow_tutorial_v01._print_world scheduled__2017-06-30T16:00:00+00:00 [running]> on host fe2268fd6bfb
[2022-11-16T05:28:20.561+0000] {taskinstance.py:1592} INFO - Exporting the following env vars:
AIRFLOW_CTX_DAG_OWNER=me
AIRFLOW_CTX_DAG_ID=***_tutorial_v01
AIRFLOW_CTX_TASK_ID=_print_world
AIRFLOW_CTX_EXECUTION_DATE=2017-06-30T16:00:00+00:00
AIRFLOW_CTX_TRY_NUMBER=1
AIRFLOW_CTX_DAG_RUN_ID=scheduled__2017-06-30T16:00:00+00:00
[2022-11-16T05:28:20.562+0000] {logging_mixin.py:117} INFO - hello world
[2022-11-16T05:28:20.563+0000] {python.py:177} INFO - Done. Returned value was: None
[2022-11-16T05:28:20.571+0000] {taskinstance.py:1406} INFO - Marking task as SUCCESS. dag_id=***_tutorial_v01, task_id=_print_world, execution_date=20170630T160000, start_date=20221116T052820, end_date=20221116T052820
[2022-11-16T05:28:20.628+0000] {local_task_job.py:164} INFO - Task exited with return code 0
[2022-11-16T05:28:20.642+0000] {local_task_job.py:273} INFO - 0 downstream tasks scheduled from follow-on schedule check
