[2022-11-15T20:50:11.787+0000] {taskinstance.py:1165} INFO - Dependencies all met for <TaskInstance: airflow_tutorial_v01.print_hello scheduled__2017-06-01T03:00:00+00:00 [queued]>
[2022-11-15T20:50:11.815+0000] {taskinstance.py:1165} INFO - Dependencies all met for <TaskInstance: airflow_tutorial_v01.print_hello scheduled__2017-06-01T03:00:00+00:00 [queued]>
[2022-11-15T20:50:11.816+0000] {taskinstance.py:1362} INFO - 
--------------------------------------------------------------------------------
[2022-11-15T20:50:11.818+0000] {taskinstance.py:1363} INFO - Starting attempt 1 of 2
[2022-11-15T20:50:11.819+0000] {taskinstance.py:1364} INFO - 
--------------------------------------------------------------------------------
[2022-11-15T20:50:11.878+0000] {taskinstance.py:1383} INFO - Executing <Task(BashOperator): print_hello> on 2017-06-01 03:00:00+00:00
[2022-11-15T20:50:11.889+0000] {standard_task_runner.py:82} INFO - Running: ['***', 'tasks', 'run', '***_tutorial_v01', 'print_hello', 'scheduled__2017-06-01T03:00:00+00:00', '--job-id', '8', '--raw', '--subdir', 'DAGS_FOLDER/test.py', '--cfg-path', '/tmp/tmpq52msej5']
[2022-11-15T20:50:11.890+0000] {standard_task_runner.py:83} INFO - Job 8: Subtask print_hello
[2022-11-15T20:50:11.891+0000] {dagbag.py:525} INFO - Filling up the DagBag from /opt/***/dags/test.py
[2022-11-15T20:50:11.885+0000] {standard_task_runner.py:54} INFO - Started process 112 to run task
[2022-11-15T20:50:12.095+0000] {task_command.py:384} INFO - Running <TaskInstance: airflow_tutorial_v01.print_hello scheduled__2017-06-01T03:00:00+00:00 [running]> on host 693fa0444ec9
[2022-11-15T20:50:12.207+0000] {taskinstance.py:1592} INFO - Exporting the following env vars:
AIRFLOW_CTX_DAG_OWNER=me
AIRFLOW_CTX_DAG_ID=***_tutorial_v01
AIRFLOW_CTX_TASK_ID=print_hello
AIRFLOW_CTX_EXECUTION_DATE=2017-06-01T03:00:00+00:00
AIRFLOW_CTX_TRY_NUMBER=1
AIRFLOW_CTX_DAG_RUN_ID=scheduled__2017-06-01T03:00:00+00:00
[2022-11-15T20:50:12.208+0000] {subprocess.py:63} INFO - Tmp dir root location: 
 /tmp
[2022-11-15T20:50:12.210+0000] {subprocess.py:75} INFO - Running command: ['/bin/bash', '-c', 'echo "hello"']
[2022-11-15T20:50:12.272+0000] {subprocess.py:86} INFO - Output:
[2022-11-15T20:50:12.276+0000] {subprocess.py:93} INFO - hello
[2022-11-15T20:50:12.288+0000] {subprocess.py:97} INFO - Command exited with return code 0
[2022-11-15T20:50:12.331+0000] {taskinstance.py:1406} INFO - Marking task as SUCCESS. dag_id=***_tutorial_v01, task_id=print_hello, execution_date=20170601T030000, start_date=20221115T205011, end_date=20221115T205012
[2022-11-15T20:50:12.392+0000] {local_task_job.py:164} INFO - Task exited with return code 0
[2022-11-15T20:50:12.433+0000] {local_task_job.py:273} INFO - 0 downstream tasks scheduled from follow-on schedule check
