[2022-11-16T05:54:44.169+0000] {taskinstance.py:1165} INFO - Dependencies all met for <TaskInstance: print_statements._print_world scheduled__2017-07-08T00:00:00+00:00 [queued]>
[2022-11-16T05:54:44.176+0000] {taskinstance.py:1165} INFO - Dependencies all met for <TaskInstance: print_statements._print_world scheduled__2017-07-08T00:00:00+00:00 [queued]>
[2022-11-16T05:54:44.178+0000] {taskinstance.py:1362} INFO - 
--------------------------------------------------------------------------------
[2022-11-16T05:54:44.185+0000] {taskinstance.py:1363} INFO - Starting attempt 1 of 2
[2022-11-16T05:54:44.186+0000] {taskinstance.py:1364} INFO - 
--------------------------------------------------------------------------------
[2022-11-16T05:54:44.213+0000] {taskinstance.py:1383} INFO - Executing <Task(_PythonDecoratedOperator): _print_world> on 2017-07-08 00:00:00+00:00
[2022-11-16T05:54:44.262+0000] {standard_task_runner.py:82} INFO - Running: ['***', 'tasks', 'run', 'print_statements', '_print_world', 'scheduled__2017-07-08T00:00:00+00:00', '--job-id', '77', '--raw', '--subdir', 'DAGS_FOLDER/test.py', '--cfg-path', '/tmp/tmpm83kgxs4']
[2022-11-16T05:54:44.250+0000] {standard_task_runner.py:54} INFO - Started process 312 to run task
[2022-11-16T05:54:44.269+0000] {standard_task_runner.py:83} INFO - Job 77: Subtask _print_world
[2022-11-16T05:54:44.279+0000] {dagbag.py:525} INFO - Filling up the DagBag from /opt/***/dags/test.py
[2022-11-16T05:54:44.673+0000] {task_command.py:384} INFO - Running <TaskInstance: print_statements._print_world scheduled__2017-07-08T00:00:00+00:00 [running]> on host 999a890337df
[2022-11-16T05:54:44.736+0000] {taskinstance.py:1592} INFO - Exporting the following env vars:
AIRFLOW_CTX_DAG_OWNER=me
AIRFLOW_CTX_DAG_ID=print_statements
AIRFLOW_CTX_TASK_ID=_print_world
AIRFLOW_CTX_EXECUTION_DATE=2017-07-08T00:00:00+00:00
AIRFLOW_CTX_TRY_NUMBER=1
AIRFLOW_CTX_DAG_RUN_ID=scheduled__2017-07-08T00:00:00+00:00
[2022-11-16T05:54:44.738+0000] {logging_mixin.py:117} INFO - hello world
[2022-11-16T05:54:44.739+0000] {python.py:177} INFO - Done. Returned value was: None
[2022-11-16T05:54:44.749+0000] {taskinstance.py:1406} INFO - Marking task as SUCCESS. dag_id=print_statements, task_id=_print_world, execution_date=20170708T000000, start_date=20221116T055444, end_date=20221116T055444
[2022-11-16T05:54:44.781+0000] {local_task_job.py:164} INFO - Task exited with return code 0
[2022-11-16T05:54:44.797+0000] {local_task_job.py:273} INFO - 0 downstream tasks scheduled from follow-on schedule check
