[2022-11-16T05:33:31.059+0000] {taskinstance.py:1165} INFO - Dependencies all met for <TaskInstance: airflow_tutorial_v01._print_world scheduled__2017-07-09T16:00:00+00:00 [queued]>
[2022-11-16T05:33:31.075+0000] {taskinstance.py:1165} INFO - Dependencies all met for <TaskInstance: airflow_tutorial_v01._print_world scheduled__2017-07-09T16:00:00+00:00 [queued]>
[2022-11-16T05:33:31.080+0000] {taskinstance.py:1362} INFO - 
--------------------------------------------------------------------------------
[2022-11-16T05:33:31.081+0000] {taskinstance.py:1363} INFO - Starting attempt 1 of 2
[2022-11-16T05:33:31.084+0000] {taskinstance.py:1364} INFO - 
--------------------------------------------------------------------------------
[2022-11-16T05:33:31.114+0000] {taskinstance.py:1383} INFO - Executing <Task(_PythonDecoratedOperator): _print_world> on 2017-07-09 16:00:00+00:00
[2022-11-16T05:33:31.126+0000] {standard_task_runner.py:54} INFO - Started process 796 to run task
[2022-11-16T05:33:31.136+0000] {standard_task_runner.py:82} INFO - Running: ['***', 'tasks', 'run', '***_tutorial_v01', '_print_world', 'scheduled__2017-07-09T16:00:00+00:00', '--job-id', '148', '--raw', '--subdir', 'DAGS_FOLDER/test.py', '--cfg-path', '/tmp/tmpe91b7uiz']
[2022-11-16T05:33:31.138+0000] {standard_task_runner.py:83} INFO - Job 148: Subtask _print_world
[2022-11-16T05:33:31.139+0000] {dagbag.py:525} INFO - Filling up the DagBag from /opt/***/dags/test.py
[2022-11-16T05:33:32.209+0000] {task_command.py:384} INFO - Running <TaskInstance: airflow_tutorial_v01._print_world scheduled__2017-07-09T16:00:00+00:00 [running]> on host fe2268fd6bfb
[2022-11-16T05:33:32.413+0000] {taskinstance.py:1592} INFO - Exporting the following env vars:
AIRFLOW_CTX_DAG_OWNER=me
AIRFLOW_CTX_DAG_ID=***_tutorial_v01
AIRFLOW_CTX_TASK_ID=_print_world
AIRFLOW_CTX_EXECUTION_DATE=2017-07-09T16:00:00+00:00
AIRFLOW_CTX_TRY_NUMBER=1
AIRFLOW_CTX_DAG_RUN_ID=scheduled__2017-07-09T16:00:00+00:00
[2022-11-16T05:33:32.417+0000] {logging_mixin.py:117} INFO - hello world
[2022-11-16T05:33:32.418+0000] {python.py:177} INFO - Done. Returned value was: None
[2022-11-16T05:33:32.447+0000] {taskinstance.py:1406} INFO - Marking task as SUCCESS. dag_id=***_tutorial_v01, task_id=_print_world, execution_date=20170709T160000, start_date=20221116T053331, end_date=20221116T053332
[2022-11-16T05:33:32.619+0000] {local_task_job.py:164} INFO - Task exited with return code 0
[2022-11-16T05:33:32.809+0000] {local_task_job.py:273} INFO - 0 downstream tasks scheduled from follow-on schedule check
