[2022-11-15T20:50:12.159+0000] {taskinstance.py:1165} INFO - Dependencies all met for <TaskInstance: airflow_tutorial_v01.print_hello scheduled__2017-06-01T04:00:00+00:00 [queued]>
[2022-11-15T20:50:12.176+0000] {taskinstance.py:1165} INFO - Dependencies all met for <TaskInstance: airflow_tutorial_v01.print_hello scheduled__2017-06-01T04:00:00+00:00 [queued]>
[2022-11-15T20:50:12.177+0000] {taskinstance.py:1362} INFO - 
--------------------------------------------------------------------------------
[2022-11-15T20:50:12.184+0000] {taskinstance.py:1363} INFO - Starting attempt 1 of 2
[2022-11-15T20:50:12.185+0000] {taskinstance.py:1364} INFO - 
--------------------------------------------------------------------------------
[2022-11-15T20:50:12.199+0000] {taskinstance.py:1383} INFO - Executing <Task(BashOperator): print_hello> on 2017-06-01 04:00:00+00:00
[2022-11-15T20:50:12.217+0000] {standard_task_runner.py:54} INFO - Started process 118 to run task
[2022-11-15T20:50:12.242+0000] {standard_task_runner.py:82} INFO - Running: ['***', 'tasks', 'run', '***_tutorial_v01', 'print_hello', 'scheduled__2017-06-01T04:00:00+00:00', '--job-id', '9', '--raw', '--subdir', 'DAGS_FOLDER/test.py', '--cfg-path', '/tmp/tmpjc9knf4q']
[2022-11-15T20:50:12.246+0000] {standard_task_runner.py:83} INFO - Job 9: Subtask print_hello
[2022-11-15T20:50:12.248+0000] {dagbag.py:525} INFO - Filling up the DagBag from /opt/***/dags/test.py
[2022-11-15T20:50:12.383+0000] {task_command.py:384} INFO - Running <TaskInstance: airflow_tutorial_v01.print_hello scheduled__2017-06-01T04:00:00+00:00 [running]> on host 693fa0444ec9
[2022-11-15T20:50:12.524+0000] {taskinstance.py:1592} INFO - Exporting the following env vars:
AIRFLOW_CTX_DAG_OWNER=me
AIRFLOW_CTX_DAG_ID=***_tutorial_v01
AIRFLOW_CTX_TASK_ID=print_hello
AIRFLOW_CTX_EXECUTION_DATE=2017-06-01T04:00:00+00:00
AIRFLOW_CTX_TRY_NUMBER=1
AIRFLOW_CTX_DAG_RUN_ID=scheduled__2017-06-01T04:00:00+00:00
[2022-11-15T20:50:12.531+0000] {subprocess.py:63} INFO - Tmp dir root location: 
 /tmp
[2022-11-15T20:50:12.532+0000] {subprocess.py:75} INFO - Running command: ['/bin/bash', '-c', 'echo "hello"']
[2022-11-15T20:50:12.570+0000] {subprocess.py:86} INFO - Output:
[2022-11-15T20:50:12.584+0000] {subprocess.py:93} INFO - hello
[2022-11-15T20:50:12.587+0000] {subprocess.py:97} INFO - Command exited with return code 0
[2022-11-15T20:50:12.655+0000] {taskinstance.py:1406} INFO - Marking task as SUCCESS. dag_id=***_tutorial_v01, task_id=print_hello, execution_date=20170601T040000, start_date=20221115T205012, end_date=20221115T205012
[2022-11-15T20:50:12.748+0000] {local_task_job.py:164} INFO - Task exited with return code 0
[2022-11-15T20:50:12.807+0000] {local_task_job.py:273} INFO - 1 downstream tasks scheduled from follow-on schedule check
