[2022-11-15T20:21:04.139+0000] {manager.py:483} INFO - Processing files using up to 2 processes at a time 
[2022-11-15T20:21:04.147+0000] {manager.py:484} INFO - Process each file at most once every 30 seconds
[2022-11-15T20:21:04.149+0000] {manager.py:486} INFO - Checking for new files in /opt/airflow/dags every 300 seconds
[2022-11-15T20:21:04.150+0000] {manager.py:724} INFO - Searching for files in /opt/airflow/dags
[2022-11-15T20:21:04.162+0000] {manager.py:727} INFO - There are 0 files in /opt/airflow/dags
[2022-11-15T20:26:04.370+0000] {manager.py:724} INFO - Searching for files in /opt/airflow/dags
[2022-11-15T20:26:04.386+0000] {manager.py:727} INFO - There are 1 files in /opt/airflow/dags
[2022-11-15T20:26:07.453+0000] {manager.py:846} INFO - 
================================================================================
DAG File Processing Stats

File Path                  PID    Runtime      # DAGs    # Errors  Last Runtime    Last Run
-------------------------  -----  ---------  --------  ----------  --------------  -------------------
/opt/airflow/dags/test.py                           0           1  0.56s           2022-11-15T20:26:04
================================================================================
[2022-11-15T20:26:37.557+0000] {manager.py:846} INFO - 
================================================================================
DAG File Processing Stats

File Path                  PID    Runtime      # DAGs    # Errors  Last Runtime    Last Run
-------------------------  -----  ---------  --------  ----------  --------------  -------------------
/opt/airflow/dags/test.py                           0           1  0.22s           2022-11-15T20:26:35
================================================================================
[2022-11-15T20:27:07.884+0000] {manager.py:846} INFO - 
================================================================================
DAG File Processing Stats

File Path                  PID    Runtime      # DAGs    # Errors  Last Runtime    Last Run
-------------------------  -----  ---------  --------  ----------  --------------  -------------------
/opt/airflow/dags/test.py                           0           1  0.22s           2022-11-15T20:27:05
================================================================================
[2022-11-15T20:27:38.256+0000] {manager.py:846} INFO - 
================================================================================
DAG File Processing Stats

File Path                  PID    Runtime      # DAGs    # Errors  Last Runtime    Last Run
-------------------------  -----  ---------  --------  ----------  --------------  -------------------
/opt/airflow/dags/test.py                           0           1  0.23s           2022-11-15T20:27:36
================================================================================
[2022-11-15T20:28:08.750+0000] {manager.py:846} INFO - 
================================================================================
DAG File Processing Stats

File Path                  PID    Runtime      # DAGs    # Errors  Last Runtime    Last Run
-------------------------  -----  ---------  --------  ----------  --------------  -------------------
/opt/airflow/dags/test.py                           0           1  0.21s           2022-11-15T20:28:06
================================================================================
[2022-11-15T20:28:39.123+0000] {manager.py:846} INFO - 
================================================================================
DAG File Processing Stats

File Path                  PID    Runtime      # DAGs    # Errors  Last Runtime    Last Run
-------------------------  -----  ---------  --------  ----------  --------------  -------------------
/opt/airflow/dags/test.py                           0           1  0.21s           2022-11-15T20:28:37
================================================================================
[2022-11-15T20:29:09.541+0000] {manager.py:846} INFO - 
================================================================================
DAG File Processing Stats

File Path                  PID    Runtime      # DAGs    # Errors  Last Runtime    Last Run
-------------------------  -----  ---------  --------  ----------  --------------  -------------------
/opt/airflow/dags/test.py                           0           1  0.23s           2022-11-15T20:29:07
================================================================================
[2022-11-15T20:29:39.939+0000] {manager.py:846} INFO - 
================================================================================
DAG File Processing Stats

File Path                  PID    Runtime      # DAGs    # Errors  Last Runtime    Last Run
-------------------------  -----  ---------  --------  ----------  --------------  -------------------
/opt/airflow/dags/test.py                           0           1  0.27s           2022-11-15T20:29:38
================================================================================
[2022-11-15T20:30:10.390+0000] {manager.py:846} INFO - 
================================================================================
DAG File Processing Stats

File Path                  PID    Runtime      # DAGs    # Errors  Last Runtime    Last Run
-------------------------  -----  ---------  --------  ----------  --------------  -------------------
/opt/airflow/dags/test.py                           0           1  0.22s           2022-11-15T20:30:08
================================================================================
[2022-11-15T20:30:40.716+0000] {manager.py:846} INFO - 
================================================================================
DAG File Processing Stats

File Path                  PID    Runtime      # DAGs    # Errors  Last Runtime    Last Run
-------------------------  -----  ---------  --------  ----------  --------------  -------------------
/opt/airflow/dags/test.py                           0           1  0.21s           2022-11-15T20:30:38
================================================================================
[2022-11-15T20:31:04.947+0000] {manager.py:724} INFO - Searching for files in /opt/airflow/dags
[2022-11-15T20:31:04.971+0000] {manager.py:727} INFO - There are 1 files in /opt/airflow/dags
[2022-11-15T20:31:11.235+0000] {manager.py:846} INFO - 
================================================================================
DAG File Processing Stats

File Path                  PID    Runtime      # DAGs    # Errors  Last Runtime    Last Run
-------------------------  -----  ---------  --------  ----------  --------------  -------------------
/opt/airflow/dags/test.py                           0           1  0.21s           2022-11-15T20:31:09
================================================================================
[2022-11-15T20:31:41.595+0000] {manager.py:846} INFO - 
================================================================================
DAG File Processing Stats

File Path                  PID    Runtime      # DAGs    # Errors  Last Runtime    Last Run
-------------------------  -----  ---------  --------  ----------  --------------  -------------------
/opt/airflow/dags/test.py                           0           1  0.20s           2022-11-15T20:31:39
================================================================================
[2022-11-15T20:32:12.052+0000] {manager.py:846} INFO - 
================================================================================
DAG File Processing Stats

File Path                  PID    Runtime      # DAGs    # Errors  Last Runtime    Last Run
-------------------------  -----  ---------  --------  ----------  --------------  -------------------
/opt/airflow/dags/test.py                           0           1  0.22s           2022-11-15T20:32:10
================================================================================
[2022-11-15T20:32:42.425+0000] {manager.py:846} INFO - 
================================================================================
DAG File Processing Stats

File Path                  PID    Runtime      # DAGs    # Errors  Last Runtime    Last Run
-------------------------  -----  ---------  --------  ----------  --------------  -------------------
/opt/airflow/dags/test.py                           0           1  0.20s           2022-11-15T20:32:40
================================================================================
[2022-11-15T20:33:12.871+0000] {manager.py:846} INFO - 
================================================================================
DAG File Processing Stats

File Path                  PID    Runtime      # DAGs    # Errors  Last Runtime    Last Run
-------------------------  -----  ---------  --------  ----------  --------------  -------------------
/opt/airflow/dags/test.py                           0           1  0.21s           2022-11-15T20:33:10
================================================================================
[2022-11-15T20:33:43.199+0000] {manager.py:846} INFO - 
================================================================================
DAG File Processing Stats

File Path                  PID    Runtime      # DAGs    # Errors  Last Runtime    Last Run
-------------------------  -----  ---------  --------  ----------  --------------  -------------------
/opt/airflow/dags/test.py                           0           1  0.20s           2022-11-15T20:33:41
================================================================================
[2022-11-15T20:34:13.648+0000] {manager.py:846} INFO - 
================================================================================
DAG File Processing Stats

File Path                  PID    Runtime      # DAGs    # Errors  Last Runtime    Last Run
-------------------------  -----  ---------  --------  ----------  --------------  -------------------
/opt/airflow/dags/test.py                           0           1  0.20s           2022-11-15T20:34:11
================================================================================
[2022-11-15T20:34:43.956+0000] {manager.py:846} INFO - 
================================================================================
DAG File Processing Stats

File Path                  PID    Runtime      # DAGs    # Errors  Last Runtime    Last Run
-------------------------  -----  ---------  --------  ----------  --------------  -------------------
/opt/airflow/dags/test.py                           0           1  0.28s           2022-11-15T20:34:42
================================================================================
[2022-11-15T20:35:14.429+0000] {manager.py:846} INFO - 
================================================================================
DAG File Processing Stats

File Path                  PID    Runtime      # DAGs    # Errors  Last Runtime    Last Run
-------------------------  -----  ---------  --------  ----------  --------------  -------------------
/opt/airflow/dags/test.py                           0           1  0.21s           2022-11-15T20:35:12
================================================================================
[2022-11-15T20:35:44.713+0000] {manager.py:846} INFO - 
================================================================================
DAG File Processing Stats

File Path                  PID    Runtime      # DAGs    # Errors  Last Runtime    Last Run
-------------------------  -----  ---------  --------  ----------  --------------  -------------------
/opt/airflow/dags/test.py                           0           1  0.20s           2022-11-15T20:35:42
================================================================================
[2022-11-15T20:36:05.052+0000] {manager.py:724} INFO - Searching for files in /opt/airflow/dags
[2022-11-15T20:36:05.057+0000] {manager.py:727} INFO - There are 1 files in /opt/airflow/dags
[2022-11-15T20:36:15.131+0000] {manager.py:846} INFO - 
================================================================================
DAG File Processing Stats

File Path                  PID    Runtime      # DAGs    # Errors  Last Runtime    Last Run
-------------------------  -----  ---------  --------  ----------  --------------  -------------------
/opt/airflow/dags/test.py                           0           1  0.22s           2022-11-15T20:36:13
================================================================================
[2022-11-15T20:36:45.409+0000] {manager.py:846} INFO - 
================================================================================
DAG File Processing Stats

File Path                  PID    Runtime      # DAGs    # Errors  Last Runtime    Last Run
-------------------------  -----  ---------  --------  ----------  --------------  -------------------
/opt/airflow/dags/test.py                           0           1  0.21s           2022-11-15T20:36:43
================================================================================
[2022-11-15T20:37:15.876+0000] {manager.py:846} INFO - 
================================================================================
DAG File Processing Stats

File Path                  PID    Runtime      # DAGs    # Errors  Last Runtime    Last Run
-------------------------  -----  ---------  --------  ----------  --------------  -------------------
/opt/airflow/dags/test.py                           0           1  0.20s           2022-11-15T20:37:13
================================================================================
[2022-11-15T20:37:46.208+0000] {manager.py:846} INFO - 
================================================================================
DAG File Processing Stats

File Path                  PID    Runtime      # DAGs    # Errors  Last Runtime    Last Run
-------------------------  -----  ---------  --------  ----------  --------------  -------------------
/opt/airflow/dags/test.py                           0           1  0.19s           2022-11-15T20:37:44
================================================================================
[2022-11-15T20:38:15.755+0000] {manager.py:465} INFO - Exiting gracefully upon receiving signal 15
[2022-11-15T20:49:23.155+0000] {manager.py:483} INFO - Processing files using up to 2 processes at a time 
[2022-11-15T20:49:23.157+0000] {manager.py:484} INFO - Process each file at most once every 30 seconds
[2022-11-15T20:49:23.159+0000] {manager.py:486} INFO - Checking for new files in /opt/airflow/dags every 300 seconds
[2022-11-15T20:49:23.160+0000] {manager.py:724} INFO - Searching for files in /opt/airflow/dags
[2022-11-15T20:49:23.173+0000] {manager.py:727} INFO - There are 1 files in /opt/airflow/dags
[2022-11-15T20:49:23.373+0000] {manager.py:846} INFO - 
================================================================================
DAG File Processing Stats

File Path                    PID  Runtime      # DAGs    # Errors  Last Runtime    Last Run
-------------------------  -----  ---------  --------  ----------  --------------  ----------
/opt/airflow/dags/test.py     34  0.17s             0           0
================================================================================
[2022-11-15T20:49:53.609+0000] {manager.py:846} INFO - 
================================================================================
DAG File Processing Stats

File Path                    PID  Runtime      # DAGs    # Errors  Last Runtime    Last Run
-------------------------  -----  ---------  --------  ----------  --------------  -------------------
/opt/airflow/dags/test.py     61  0.00s             1           0  0.38s           2022-11-15T20:49:23
================================================================================
[2022-11-15T20:50:23.875+0000] {manager.py:846} INFO - 
================================================================================
DAG File Processing Stats

File Path                    PID  Runtime      # DAGs    # Errors  Last Runtime    Last Run
-------------------------  -----  ---------  --------  ----------  --------------  -------------------
/opt/airflow/dags/test.py    124  0.01s             1           0  0.11s           2022-11-15T20:49:53
================================================================================
[2022-11-15T20:50:50.388+0000] {manager.py:465} INFO - Exiting gracefully upon receiving signal 15
[2022-11-16T04:57:06.926+0000] {manager.py:483} INFO - Processing files using up to 2 processes at a time 
[2022-11-16T04:57:06.928+0000] {manager.py:484} INFO - Process each file at most once every 30 seconds
[2022-11-16T04:57:06.930+0000] {manager.py:486} INFO - Checking for new files in /opt/airflow/dags every 300 seconds
[2022-11-16T04:57:06.931+0000] {manager.py:724} INFO - Searching for files in /opt/airflow/dags
[2022-11-16T04:57:06.943+0000] {manager.py:727} INFO - There are 1 files in /opt/airflow/dags
[2022-11-16T04:57:07.128+0000] {manager.py:846} INFO - 
================================================================================
DAG File Processing Stats

File Path                    PID  Runtime      # DAGs    # Errors  Last Runtime    Last Run
-------------------------  -----  ---------  --------  ----------  --------------  ----------
/opt/airflow/dags/test.py     35  0.04s             0           0
================================================================================
[2022-11-16T04:57:37.418+0000] {manager.py:846} INFO - 
================================================================================
DAG File Processing Stats

File Path                    PID  Runtime      # DAGs    # Errors  Last Runtime    Last Run
-------------------------  -----  ---------  --------  ----------  --------------  -------------------
/opt/airflow/dags/test.py     63  0.01s             1           0  0.18s           2022-11-16T04:57:07
================================================================================
[2022-11-16T04:58:07.713+0000] {manager.py:846} INFO - 
================================================================================
DAG File Processing Stats

File Path                    PID  Runtime      # DAGs    # Errors  Last Runtime    Last Run
-------------------------  -----  ---------  --------  ----------  --------------  -------------------
/opt/airflow/dags/test.py     91  0.00s             1           0  0.10s           2022-11-16T04:57:37
================================================================================
[2022-11-16T04:58:14.993+0000] {manager.py:465} INFO - Exiting gracefully upon receiving signal 15
[2022-11-16T05:21:39.171+0000] {manager.py:483} INFO - Processing files using up to 2 processes at a time 
[2022-11-16T05:21:39.174+0000] {manager.py:484} INFO - Process each file at most once every 30 seconds
[2022-11-16T05:21:39.176+0000] {manager.py:486} INFO - Checking for new files in /opt/airflow/dags every 300 seconds
[2022-11-16T05:21:39.178+0000] {manager.py:724} INFO - Searching for files in /opt/airflow/dags
[2022-11-16T05:21:39.195+0000] {manager.py:727} INFO - There are 1 files in /opt/airflow/dags
[2022-11-16T05:21:39.347+0000] {manager.py:846} INFO - 
================================================================================
DAG File Processing Stats

File Path                    PID  Runtime      # DAGs    # Errors  Last Runtime    Last Run
-------------------------  -----  ---------  --------  ----------  --------------  ----------
/opt/airflow/dags/test.py     35  0.02s             0           0
================================================================================
[2022-11-16T05:22:09.379+0000] {manager.py:846} INFO - 
================================================================================
DAG File Processing Stats

File Path                  PID    Runtime      # DAGs    # Errors  Last Runtime    Last Run
-------------------------  -----  ---------  --------  ----------  --------------  -------------------
/opt/airflow/dags/test.py                           1           0  0.77s           2022-11-16T05:21:40
================================================================================
[2022-11-16T05:22:39.797+0000] {manager.py:846} INFO - 
================================================================================
DAG File Processing Stats

File Path                  PID    Runtime      # DAGs    # Errors  Last Runtime    Last Run
-------------------------  -----  ---------  --------  ----------  --------------  -------------------
/opt/airflow/dags/test.py                           1           0  0.31s           2022-11-16T05:22:10
================================================================================
[2022-11-16T05:23:10.167+0000] {manager.py:846} INFO - 
================================================================================
DAG File Processing Stats

File Path                  PID    Runtime      # DAGs    # Errors  Last Runtime    Last Run
-------------------------  -----  ---------  --------  ----------  --------------  -------------------
/opt/airflow/dags/test.py                           1           0  0.24s           2022-11-16T05:22:41
================================================================================
[2022-11-16T05:23:40.510+0000] {manager.py:846} INFO - 
================================================================================
DAG File Processing Stats

File Path                  PID    Runtime      # DAGs    # Errors  Last Runtime    Last Run
-------------------------  -----  ---------  --------  ----------  --------------  -------------------
/opt/airflow/dags/test.py                           1           0  0.34s           2022-11-16T05:23:11
================================================================================
[2022-11-16T05:24:11.015+0000] {manager.py:846} INFO - 
================================================================================
DAG File Processing Stats

File Path                  PID    Runtime      # DAGs    # Errors  Last Runtime    Last Run
-------------------------  -----  ---------  --------  ----------  --------------  -------------------
/opt/airflow/dags/test.py                           1           0  0.26s           2022-11-16T05:23:41
================================================================================
[2022-11-16T05:24:41.297+0000] {manager.py:846} INFO - 
================================================================================
DAG File Processing Stats

File Path                  PID    Runtime      # DAGs    # Errors  Last Runtime    Last Run
-------------------------  -----  ---------  --------  ----------  --------------  -------------------
/opt/airflow/dags/test.py                           1           0  0.26s           2022-11-16T05:24:12
================================================================================
[2022-11-16T05:25:11.735+0000] {manager.py:846} INFO - 
================================================================================
DAG File Processing Stats

File Path                  PID    Runtime      # DAGs    # Errors  Last Runtime    Last Run
-------------------------  -----  ---------  --------  ----------  --------------  -------------------
/opt/airflow/dags/test.py                           1           0  0.23s           2022-11-16T05:24:42
================================================================================
[2022-11-16T05:25:42.062+0000] {manager.py:846} INFO - 
================================================================================
DAG File Processing Stats

File Path                  PID    Runtime      # DAGs    # Errors  Last Runtime    Last Run
-------------------------  -----  ---------  --------  ----------  --------------  -------------------
/opt/airflow/dags/test.py                           1           0  0.25s           2022-11-16T05:25:13
================================================================================
[2022-11-16T05:26:12.534+0000] {manager.py:846} INFO - 
================================================================================
DAG File Processing Stats

File Path                  PID    Runtime      # DAGs    # Errors  Last Runtime    Last Run
-------------------------  -----  ---------  --------  ----------  --------------  -------------------
/opt/airflow/dags/test.py                           1           0  0.22s           2022-11-16T05:25:43
================================================================================
[2022-11-16T05:26:39.838+0000] {manager.py:724} INFO - Searching for files in /opt/airflow/dags
[2022-11-16T05:26:39.866+0000] {manager.py:727} INFO - There are 1 files in /opt/airflow/dags
[2022-11-16T05:26:42.937+0000] {manager.py:846} INFO - 
================================================================================
DAG File Processing Stats

File Path                  PID    Runtime      # DAGs    # Errors  Last Runtime    Last Run
-------------------------  -----  ---------  --------  ----------  --------------  -------------------
/opt/airflow/dags/test.py                           1           0  0.25s           2022-11-16T05:26:13
================================================================================
[2022-11-16T05:27:13.293+0000] {manager.py:846} INFO - 
================================================================================
DAG File Processing Stats

File Path                  PID    Runtime      # DAGs    # Errors  Last Runtime    Last Run
-------------------------  -----  ---------  --------  ----------  --------------  -------------------
/opt/airflow/dags/test.py                           1           0  0.28s           2022-11-16T05:26:44
================================================================================
[2022-11-16T05:27:43.755+0000] {manager.py:846} INFO - 
================================================================================
DAG File Processing Stats

File Path                  PID    Runtime      # DAGs    # Errors  Last Runtime    Last Run
-------------------------  -----  ---------  --------  ----------  --------------  -------------------
/opt/airflow/dags/test.py                           1           0  0.24s           2022-11-16T05:27:14
================================================================================
[2022-11-16T05:28:14.078+0000] {manager.py:846} INFO - 
================================================================================
DAG File Processing Stats

File Path                  PID    Runtime      # DAGs    # Errors  Last Runtime    Last Run
-------------------------  -----  ---------  --------  ----------  --------------  -------------------
/opt/airflow/dags/test.py                           1           0  0.22s           2022-11-16T05:27:44
================================================================================
[2022-11-16T05:28:44.402+0000] {manager.py:846} INFO - 
================================================================================
DAG File Processing Stats

File Path                  PID    Runtime      # DAGs    # Errors  Last Runtime    Last Run
-------------------------  -----  ---------  --------  ----------  --------------  -------------------
/opt/airflow/dags/test.py                           1           0  0.26s           2022-11-16T05:28:15
================================================================================
[2022-11-16T05:29:14.818+0000] {manager.py:846} INFO - 
================================================================================
DAG File Processing Stats

File Path                  PID    Runtime      # DAGs    # Errors  Last Runtime    Last Run
-------------------------  -----  ---------  --------  ----------  --------------  -------------------
/opt/airflow/dags/test.py                           1           0  0.22s           2022-11-16T05:28:45
================================================================================
[2022-11-16T05:33:18.013+0000] {manager.py:724} INFO - Searching for files in /opt/airflow/dags
[2022-11-16T05:33:18.033+0000] {manager.py:727} INFO - There are 1 files in /opt/airflow/dags
[2022-11-16T05:33:30.194+0000] {manager.py:846} INFO - 
================================================================================
DAG File Processing Stats

File Path                  PID    Runtime      # DAGs    # Errors  Last Runtime    Last Run
-------------------------  -----  ---------  --------  ----------  --------------  -------------------
/opt/airflow/dags/test.py                           1           0  0.34s           2022-11-16T05:33:18
================================================================================
[2022-11-16T05:34:00.775+0000] {manager.py:846} INFO - 
================================================================================
DAG File Processing Stats

File Path                  PID    Runtime      # DAGs    # Errors  Last Runtime    Last Run
-------------------------  -----  ---------  --------  ----------  --------------  -------------------
/opt/airflow/dags/test.py                           1           0  0.40s           2022-11-16T05:33:49
================================================================================
[2022-11-16T05:34:31.484+0000] {manager.py:846} INFO - 
================================================================================
DAG File Processing Stats

File Path                  PID    Runtime      # DAGs    # Errors  Last Runtime    Last Run
-------------------------  -----  ---------  --------  ----------  --------------  -------------------
/opt/airflow/dags/test.py                           1           0  0.24s           2022-11-16T05:34:19
================================================================================
[2022-11-16T05:35:01.929+0000] {manager.py:846} INFO - 
================================================================================
DAG File Processing Stats

File Path                  PID    Runtime      # DAGs    # Errors  Last Runtime    Last Run
-------------------------  -----  ---------  --------  ----------  --------------  -------------------
/opt/airflow/dags/test.py                           1           0  0.25s           2022-11-16T05:34:49
================================================================================
[2022-11-16T05:35:32.215+0000] {manager.py:846} INFO - 
================================================================================
DAG File Processing Stats

File Path                  PID    Runtime      # DAGs    # Errors  Last Runtime    Last Run
-------------------------  -----  ---------  --------  ----------  --------------  -------------------
/opt/airflow/dags/test.py                           1           0  0.29s           2022-11-16T05:35:20
================================================================================
[2022-11-16T05:36:02.653+0000] {manager.py:846} INFO - 
================================================================================
DAG File Processing Stats

File Path                  PID    Runtime      # DAGs    # Errors  Last Runtime    Last Run
-------------------------  -----  ---------  --------  ----------  --------------  -------------------
/opt/airflow/dags/test.py                           1           0  0.26s           2022-11-16T05:35:50
================================================================================
[2022-11-16T05:36:32.920+0000] {manager.py:846} INFO - 
================================================================================
DAG File Processing Stats

File Path                  PID    Runtime      # DAGs    # Errors  Last Runtime    Last Run
-------------------------  -----  ---------  --------  ----------  --------------  -------------------
/opt/airflow/dags/test.py                           1           0  0.21s           2022-11-16T05:36:21
================================================================================
[2022-11-16T05:37:03.338+0000] {manager.py:846} INFO - 
================================================================================
DAG File Processing Stats

File Path                  PID    Runtime      # DAGs    # Errors  Last Runtime    Last Run
-------------------------  -----  ---------  --------  ----------  --------------  -------------------
/opt/airflow/dags/test.py                           1           0  0.24s           2022-11-16T05:36:51
================================================================================
[2022-11-16T05:37:33.566+0000] {manager.py:846} INFO - 
================================================================================
DAG File Processing Stats

File Path                  PID    Runtime      # DAGs    # Errors  Last Runtime    Last Run
-------------------------  -----  ---------  --------  ----------  --------------  -------------------
/opt/airflow/dags/test.py                           1           0  0.21s           2022-11-16T05:37:21
================================================================================
[2022-11-16T05:38:04.015+0000] {manager.py:846} INFO - 
================================================================================
DAG File Processing Stats

File Path                  PID    Runtime      # DAGs    # Errors  Last Runtime    Last Run
-------------------------  -----  ---------  --------  ----------  --------------  -------------------
/opt/airflow/dags/test.py                           1           0  0.21s           2022-11-16T05:37:51
================================================================================
[2022-11-16T05:38:18.134+0000] {manager.py:724} INFO - Searching for files in /opt/airflow/dags
[2022-11-16T05:38:18.142+0000] {manager.py:727} INFO - There are 1 files in /opt/airflow/dags
[2022-11-16T05:38:34.279+0000] {manager.py:846} INFO - 
================================================================================
DAG File Processing Stats

File Path                  PID    Runtime      # DAGs    # Errors  Last Runtime    Last Run
-------------------------  -----  ---------  --------  ----------  --------------  -------------------
/opt/airflow/dags/test.py                           1           0  0.28s           2022-11-16T05:38:22
================================================================================
[2022-11-16T05:39:04.782+0000] {manager.py:846} INFO - 
================================================================================
DAG File Processing Stats

File Path                  PID    Runtime      # DAGs    # Errors  Last Runtime    Last Run
-------------------------  -----  ---------  --------  ----------  --------------  -------------------
/opt/airflow/dags/test.py                           1           0  0.28s           2022-11-16T05:38:52
================================================================================
[2022-11-16T05:39:35.330+0000] {manager.py:846} INFO - 
================================================================================
DAG File Processing Stats

File Path                  PID    Runtime      # DAGs    # Errors  Last Runtime    Last Run
-------------------------  -----  ---------  --------  ----------  --------------  -------------------
/opt/airflow/dags/test.py                           1           0  0.24s           2022-11-16T05:39:23
================================================================================
[2022-11-16T05:40:05.813+0000] {manager.py:846} INFO - 
================================================================================
DAG File Processing Stats

File Path                  PID    Runtime      # DAGs    # Errors  Last Runtime    Last Run
-------------------------  -----  ---------  --------  ----------  --------------  -------------------
/opt/airflow/dags/test.py                           1           0  0.30s           2022-11-16T05:39:53
================================================================================
[2022-11-16T05:40:36.149+0000] {manager.py:846} INFO - 
================================================================================
DAG File Processing Stats

File Path                  PID    Runtime      # DAGs    # Errors  Last Runtime    Last Run
-------------------------  -----  ---------  --------  ----------  --------------  -------------------
/opt/airflow/dags/test.py                           1           0  0.27s           2022-11-16T05:40:24
================================================================================
[2022-11-16T05:41:06.611+0000] {manager.py:846} INFO - 
================================================================================
DAG File Processing Stats

File Path                  PID    Runtime      # DAGs    # Errors  Last Runtime    Last Run
-------------------------  -----  ---------  --------  ----------  --------------  -------------------
/opt/airflow/dags/test.py                           1           0  0.24s           2022-11-16T05:40:54
================================================================================
[2022-11-16T05:41:07.669+0000] {manager.py:465} INFO - Exiting gracefully upon receiving signal 15
[2022-11-16T05:47:28.749+0000] {manager.py:483} INFO - Processing files using up to 2 processes at a time 
[2022-11-16T05:47:28.751+0000] {manager.py:484} INFO - Process each file at most once every 30 seconds
[2022-11-16T05:47:28.752+0000] {manager.py:486} INFO - Checking for new files in /opt/airflow/dags every 300 seconds
[2022-11-16T05:47:28.754+0000] {manager.py:724} INFO - Searching for files in /opt/airflow/dags
[2022-11-16T05:47:28.764+0000] {manager.py:727} INFO - There are 1 files in /opt/airflow/dags
[2022-11-16T05:47:28.960+0000] {manager.py:846} INFO - 
================================================================================
DAG File Processing Stats

File Path                    PID  Runtime      # DAGs    # Errors  Last Runtime    Last Run
-------------------------  -----  ---------  --------  ----------  --------------  ----------
/opt/airflow/dags/test.py     35  0.16s             0           0
================================================================================
[2022-11-16T05:47:59.017+0000] {manager.py:846} INFO - 
================================================================================
DAG File Processing Stats

File Path                  PID    Runtime      # DAGs    # Errors  Last Runtime    Last Run
-------------------------  -----  ---------  --------  ----------  --------------  -------------------
/opt/airflow/dags/test.py                           1           0  0.95s           2022-11-16T05:47:29
================================================================================
[2022-11-16T05:48:29.385+0000] {manager.py:846} INFO - 
================================================================================
DAG File Processing Stats

File Path                  PID    Runtime      # DAGs    # Errors  Last Runtime    Last Run
-------------------------  -----  ---------  --------  ----------  --------------  -------------------
/opt/airflow/dags/test.py                           1           0  0.29s           2022-11-16T05:48:00
================================================================================
[2022-11-16T05:48:59.834+0000] {manager.py:846} INFO - 
================================================================================
DAG File Processing Stats

File Path                  PID    Runtime      # DAGs    # Errors  Last Runtime    Last Run
-------------------------  -----  ---------  --------  ----------  --------------  -------------------
/opt/airflow/dags/test.py                           1           0  0.28s           2022-11-16T05:48:30
================================================================================
[2022-11-16T05:49:30.259+0000] {manager.py:846} INFO - 
================================================================================
DAG File Processing Stats

File Path                  PID    Runtime      # DAGs    # Errors  Last Runtime    Last Run
-------------------------  -----  ---------  --------  ----------  --------------  -------------------
/opt/airflow/dags/test.py                           1           0  0.26s           2022-11-16T05:49:01
================================================================================
[2022-11-16T05:50:00.669+0000] {manager.py:846} INFO - 
================================================================================
DAG File Processing Stats

File Path                  PID    Runtime      # DAGs    # Errors  Last Runtime    Last Run
-------------------------  -----  ---------  --------  ----------  --------------  -------------------
/opt/airflow/dags/test.py                           1           0  0.28s           2022-11-16T05:49:31
================================================================================
[2022-11-16T05:50:31.130+0000] {manager.py:846} INFO - 
================================================================================
DAG File Processing Stats

File Path                  PID    Runtime      # DAGs    # Errors  Last Runtime    Last Run
-------------------------  -----  ---------  --------  ----------  --------------  -------------------
/opt/airflow/dags/test.py                           1           0  0.26s           2022-11-16T05:50:01
================================================================================
[2022-11-16T05:51:01.451+0000] {manager.py:846} INFO - 
================================================================================
DAG File Processing Stats

File Path                  PID    Runtime      # DAGs    # Errors  Last Runtime    Last Run
-------------------------  -----  ---------  --------  ----------  --------------  -------------------
/opt/airflow/dags/test.py                           1           0  0.26s           2022-11-16T05:50:32
================================================================================
[2022-11-16T05:51:31.912+0000] {manager.py:846} INFO - 
================================================================================
DAG File Processing Stats

File Path                  PID    Runtime      # DAGs    # Errors  Last Runtime    Last Run
-------------------------  -----  ---------  --------  ----------  --------------  -------------------
/opt/airflow/dags/test.py                           1           0  0.22s           2022-11-16T05:51:02
================================================================================
[2022-11-16T05:52:02.397+0000] {manager.py:846} INFO - 
================================================================================
DAG File Processing Stats

File Path                  PID    Runtime      # DAGs    # Errors  Last Runtime    Last Run
-------------------------  -----  ---------  --------  ----------  --------------  -------------------
/opt/airflow/dags/test.py                           1           0  0.26s           2022-11-16T05:51:45
================================================================================
[2022-11-16T05:52:28.932+0000] {manager.py:724} INFO - Searching for files in /opt/airflow/dags
[2022-11-16T05:52:28.945+0000] {manager.py:727} INFO - There are 1 files in /opt/airflow/dags
[2022-11-16T05:52:32.667+0000] {manager.py:846} INFO - 
================================================================================
DAG File Processing Stats

File Path                  PID    Runtime      # DAGs    # Errors  Last Runtime    Last Run
-------------------------  -----  ---------  --------  ----------  --------------  -------------------
/opt/airflow/dags/test.py                           1           0  0.29s           2022-11-16T05:52:10
================================================================================
[2022-11-16T05:52:37.694+0000] {manager.py:465} INFO - Exiting gracefully upon receiving signal 15
[2022-11-16T05:53:55.856+0000] {manager.py:483} INFO - Processing files using up to 2 processes at a time 
[2022-11-16T05:53:55.858+0000] {manager.py:484} INFO - Process each file at most once every 30 seconds
[2022-11-16T05:53:55.859+0000] {manager.py:486} INFO - Checking for new files in /opt/airflow/dags every 300 seconds
[2022-11-16T05:53:55.860+0000] {manager.py:724} INFO - Searching for files in /opt/airflow/dags
[2022-11-16T05:53:55.871+0000] {manager.py:727} INFO - There are 1 files in /opt/airflow/dags
[2022-11-16T05:53:56.034+0000] {manager.py:846} INFO - 
================================================================================
DAG File Processing Stats

File Path                    PID  Runtime      # DAGs    # Errors  Last Runtime    Last Run
-------------------------  -----  ---------  --------  ----------  --------------  ----------
/opt/airflow/dags/test.py     36  0.13s             0           0
================================================================================
[2022-11-16T05:54:26.232+0000] {manager.py:846} INFO - 
================================================================================
DAG File Processing Stats

File Path                  PID    Runtime      # DAGs    # Errors  Last Runtime    Last Run
-------------------------  -----  ---------  --------  ----------  --------------  -------------------
/opt/airflow/dags/test.py                           1           0  0.87s           2022-11-16T05:53:56
================================================================================
[2022-11-16T05:54:56.443+0000] {manager.py:846} INFO - 
================================================================================
DAG File Processing Stats

File Path                  PID    Runtime      # DAGs    # Errors  Last Runtime    Last Run
-------------------------  -----  ---------  --------  ----------  --------------  -------------------
/opt/airflow/dags/test.py                           1           0  0.33s           2022-11-16T05:54:27
================================================================================
[2022-11-16T05:55:26.700+0000] {manager.py:846} INFO - 
================================================================================
DAG File Processing Stats

File Path                  PID    Runtime      # DAGs    # Errors  Last Runtime    Last Run
-------------------------  -----  ---------  --------  ----------  --------------  -------------------
/opt/airflow/dags/test.py                           1           0  0.24s           2022-11-16T05:54:57
================================================================================
[2022-11-16T05:55:57.039+0000] {manager.py:846} INFO - 
================================================================================
DAG File Processing Stats

File Path                  PID    Runtime      # DAGs    # Errors  Last Runtime    Last Run
-------------------------  -----  ---------  --------  ----------  --------------  -------------------
/opt/airflow/dags/test.py                           1           0  0.41s           2022-11-16T05:55:28
================================================================================
[2022-11-16T05:56:27.548+0000] {manager.py:846} INFO - 
================================================================================
DAG File Processing Stats

File Path                  PID    Runtime      # DAGs    # Errors  Last Runtime    Last Run
-------------------------  -----  ---------  --------  ----------  --------------  -------------------
/opt/airflow/dags/test.py                           1           0  0.30s           2022-11-16T05:55:58
================================================================================
[2022-11-16T05:56:37.800+0000] {manager.py:465} INFO - Exiting gracefully upon receiving signal 15
