[2022-11-15T20:50:15.136+0000] {taskinstance.py:1165} INFO - Dependencies all met for <TaskInstance: airflow_tutorial_v01.sleep scheduled__2017-06-01T11:00:00+00:00 [queued]>
[2022-11-15T20:50:15.145+0000] {taskinstance.py:1165} INFO - Dependencies all met for <TaskInstance: airflow_tutorial_v01.sleep scheduled__2017-06-01T11:00:00+00:00 [queued]>
[2022-11-15T20:50:15.146+0000] {taskinstance.py:1362} INFO - 
--------------------------------------------------------------------------------
[2022-11-15T20:50:15.146+0000] {taskinstance.py:1363} INFO - Starting attempt 1 of 2
[2022-11-15T20:50:15.147+0000] {taskinstance.py:1364} INFO - 
--------------------------------------------------------------------------------
[2022-11-15T20:50:15.194+0000] {taskinstance.py:1383} INFO - Executing <Task(BashOperator): sleep> on 2017-06-01 11:00:00+00:00
[2022-11-15T20:50:15.198+0000] {standard_task_runner.py:54} INFO - Started process 184 to run task
[2022-11-15T20:50:15.205+0000] {standard_task_runner.py:82} INFO - Running: ['***', 'tasks', 'run', '***_tutorial_v01', 'sleep', 'scheduled__2017-06-01T11:00:00+00:00', '--job-id', '32', '--raw', '--subdir', 'DAGS_FOLDER/test.py', '--cfg-path', '/tmp/tmpivle4gaf']
[2022-11-15T20:50:15.207+0000] {standard_task_runner.py:83} INFO - Job 32: Subtask sleep
[2022-11-15T20:50:15.208+0000] {dagbag.py:525} INFO - Filling up the DagBag from /opt/***/dags/test.py
[2022-11-15T20:50:15.268+0000] {task_command.py:384} INFO - Running <TaskInstance: airflow_tutorial_v01.sleep scheduled__2017-06-01T11:00:00+00:00 [running]> on host 693fa0444ec9
[2022-11-15T20:50:15.320+0000] {taskinstance.py:1592} INFO - Exporting the following env vars:
AIRFLOW_CTX_DAG_OWNER=me
AIRFLOW_CTX_DAG_ID=***_tutorial_v01
AIRFLOW_CTX_TASK_ID=sleep
AIRFLOW_CTX_EXECUTION_DATE=2017-06-01T11:00:00+00:00
AIRFLOW_CTX_TRY_NUMBER=1
AIRFLOW_CTX_DAG_RUN_ID=scheduled__2017-06-01T11:00:00+00:00
[2022-11-15T20:50:15.321+0000] {subprocess.py:63} INFO - Tmp dir root location: 
 /tmp
[2022-11-15T20:50:15.322+0000] {subprocess.py:75} INFO - Running command: ['/bin/bash', '-c', 'sleep 5']
[2022-11-15T20:50:15.332+0000] {subprocess.py:86} INFO - Output:
[2022-11-15T20:50:20.336+0000] {subprocess.py:97} INFO - Command exited with return code 0
[2022-11-15T20:50:20.358+0000] {taskinstance.py:1406} INFO - Marking task as SUCCESS. dag_id=***_tutorial_v01, task_id=sleep, execution_date=20170601T110000, start_date=20221115T205015, end_date=20221115T205020
[2022-11-15T20:50:20.384+0000] {local_task_job.py:164} INFO - Task exited with return code 0
[2022-11-15T20:50:20.399+0000] {local_task_job.py:273} INFO - 1 downstream tasks scheduled from follow-on schedule check
