[2022-11-16T05:54:20.398+0000] {taskinstance.py:1165} INFO - Dependencies all met for <TaskInstance: print_statements._print_hey scheduled__2017-06-03T00:00:00+00:00 [queued]>
[2022-11-16T05:54:20.414+0000] {taskinstance.py:1165} INFO - Dependencies all met for <TaskInstance: print_statements._print_hey scheduled__2017-06-03T00:00:00+00:00 [queued]>
[2022-11-16T05:54:20.415+0000] {taskinstance.py:1362} INFO - 
--------------------------------------------------------------------------------
[2022-11-16T05:54:20.419+0000] {taskinstance.py:1363} INFO - Starting attempt 1 of 2
[2022-11-16T05:54:20.420+0000] {taskinstance.py:1364} INFO - 
--------------------------------------------------------------------------------
[2022-11-16T05:54:20.451+0000] {taskinstance.py:1383} INFO - Executing <Task(_PythonDecoratedOperator): _print_hey> on 2017-06-03 00:00:00+00:00
[2022-11-16T05:54:20.457+0000] {standard_task_runner.py:54} INFO - Started process 90 to run task
[2022-11-16T05:54:20.477+0000] {standard_task_runner.py:82} INFO - Running: ['***', 'tasks', 'run', 'print_statements', '_print_hey', 'scheduled__2017-06-03T00:00:00+00:00', '--job-id', '8', '--raw', '--subdir', 'DAGS_FOLDER/test.py', '--cfg-path', '/tmp/tmp1bk3aiaz']
[2022-11-16T05:54:20.482+0000] {standard_task_runner.py:83} INFO - Job 8: Subtask _print_hey
[2022-11-16T05:54:20.487+0000] {dagbag.py:525} INFO - Filling up the DagBag from /opt/***/dags/test.py
[2022-11-16T05:54:21.817+0000] {task_command.py:384} INFO - Running <TaskInstance: print_statements._print_hey scheduled__2017-06-03T00:00:00+00:00 [running]> on host 999a890337df
[2022-11-16T05:54:22.032+0000] {taskinstance.py:1592} INFO - Exporting the following env vars:
AIRFLOW_CTX_DAG_OWNER=me
AIRFLOW_CTX_DAG_ID=print_statements
AIRFLOW_CTX_TASK_ID=_print_hey
AIRFLOW_CTX_EXECUTION_DATE=2017-06-03T00:00:00+00:00
AIRFLOW_CTX_TRY_NUMBER=1
AIRFLOW_CTX_DAG_RUN_ID=scheduled__2017-06-03T00:00:00+00:00
[2022-11-16T05:54:22.033+0000] {logging_mixin.py:117} INFO - hey gabriel
[2022-11-16T05:54:22.035+0000] {python.py:177} INFO - Done. Returned value was: None
[2022-11-16T05:54:22.058+0000] {taskinstance.py:1406} INFO - Marking task as SUCCESS. dag_id=print_statements, task_id=_print_hey, execution_date=20170603T000000, start_date=20221116T055420, end_date=20221116T055422
[2022-11-16T05:54:22.186+0000] {local_task_job.py:164} INFO - Task exited with return code 0
[2022-11-16T05:54:22.205+0000] {local_task_job.py:273} INFO - 0 downstream tasks scheduled from follow-on schedule check
