[2022-11-16T05:48:21.404+0000] {taskinstance.py:1165} INFO - Dependencies all met for <TaskInstance: airflow_tutorial_v01._print_world scheduled__2017-06-14T00:00:00+00:00 [queued]>
[2022-11-16T05:48:21.411+0000] {taskinstance.py:1165} INFO - Dependencies all met for <TaskInstance: airflow_tutorial_v01._print_world scheduled__2017-06-14T00:00:00+00:00 [queued]>
[2022-11-16T05:48:21.412+0000] {taskinstance.py:1362} INFO - 
--------------------------------------------------------------------------------
[2022-11-16T05:48:21.412+0000] {taskinstance.py:1363} INFO - Starting attempt 1 of 2
[2022-11-16T05:48:21.413+0000] {taskinstance.py:1364} INFO - 
--------------------------------------------------------------------------------
[2022-11-16T05:48:21.437+0000] {taskinstance.py:1383} INFO - Executing <Task(_PythonDecoratedOperator): _print_world> on 2017-06-14 00:00:00+00:00
[2022-11-16T05:48:21.443+0000] {standard_task_runner.py:54} INFO - Started process 185 to run task
[2022-11-16T05:48:21.458+0000] {standard_task_runner.py:82} INFO - Running: ['***', 'tasks', 'run', '***_tutorial_v01', '_print_world', 'scheduled__2017-06-14T00:00:00+00:00', '--job-id', '31', '--raw', '--subdir', 'DAGS_FOLDER/test.py', '--cfg-path', '/tmp/tmpcpp_twr5']
[2022-11-16T05:48:21.459+0000] {standard_task_runner.py:83} INFO - Job 31: Subtask _print_world
[2022-11-16T05:48:21.460+0000] {dagbag.py:525} INFO - Filling up the DagBag from /opt/***/dags/test.py
[2022-11-16T05:48:21.797+0000] {task_command.py:384} INFO - Running <TaskInstance: airflow_tutorial_v01._print_world scheduled__2017-06-14T00:00:00+00:00 [running]> on host 235c109aee07
[2022-11-16T05:48:21.874+0000] {taskinstance.py:1592} INFO - Exporting the following env vars:
AIRFLOW_CTX_DAG_OWNER=me
AIRFLOW_CTX_DAG_ID=***_tutorial_v01
AIRFLOW_CTX_TASK_ID=_print_world
AIRFLOW_CTX_EXECUTION_DATE=2017-06-14T00:00:00+00:00
AIRFLOW_CTX_TRY_NUMBER=1
AIRFLOW_CTX_DAG_RUN_ID=scheduled__2017-06-14T00:00:00+00:00
[2022-11-16T05:48:21.877+0000] {logging_mixin.py:117} INFO - hello world
[2022-11-16T05:48:21.879+0000] {python.py:177} INFO - Done. Returned value was: None
[2022-11-16T05:48:21.898+0000] {taskinstance.py:1406} INFO - Marking task as SUCCESS. dag_id=***_tutorial_v01, task_id=_print_world, execution_date=20170614T000000, start_date=20221116T054821, end_date=20221116T054821
[2022-11-16T05:48:21.944+0000] {local_task_job.py:164} INFO - Task exited with return code 0
[2022-11-16T05:48:21.961+0000] {local_task_job.py:273} INFO - 0 downstream tasks scheduled from follow-on schedule check
