[2022-11-16T05:23:06.409+0000] {taskinstance.py:1165} INFO - Dependencies all met for <TaskInstance: airflow_tutorial_v01._print_world scheduled__2017-06-03T16:00:00+00:00 [queued]>
[2022-11-16T05:23:06.442+0000] {taskinstance.py:1165} INFO - Dependencies all met for <TaskInstance: airflow_tutorial_v01._print_world scheduled__2017-06-03T16:00:00+00:00 [queued]>
[2022-11-16T05:23:06.443+0000] {taskinstance.py:1362} INFO - 
--------------------------------------------------------------------------------
[2022-11-16T05:23:06.444+0000] {taskinstance.py:1363} INFO - Starting attempt 1 of 2
[2022-11-16T05:23:06.445+0000] {taskinstance.py:1364} INFO - 
--------------------------------------------------------------------------------
[2022-11-16T05:23:06.478+0000] {taskinstance.py:1383} INFO - Executing <Task(_PythonDecoratedOperator): _print_world> on 2017-06-03 16:00:00+00:00
[2022-11-16T05:23:06.491+0000] {standard_task_runner.py:54} INFO - Started process 146 to run task
[2022-11-16T05:23:06.497+0000] {standard_task_runner.py:82} INFO - Running: ['***', 'tasks', 'run', '***_tutorial_v01', '_print_world', 'scheduled__2017-06-03T16:00:00+00:00', '--job-id', '44', '--raw', '--subdir', 'DAGS_FOLDER/test.py', '--cfg-path', '/tmp/tmpex1ccl9b']
[2022-11-16T05:23:06.498+0000] {standard_task_runner.py:83} INFO - Job 44: Subtask _print_world
[2022-11-16T05:23:06.505+0000] {dagbag.py:525} INFO - Filling up the DagBag from /opt/***/dags/test.py
[2022-11-16T05:23:07.724+0000] {task_command.py:384} INFO - Running <TaskInstance: airflow_tutorial_v01._print_world scheduled__2017-06-03T16:00:00+00:00 [running]> on host fe2268fd6bfb
[2022-11-16T05:23:07.901+0000] {taskinstance.py:1592} INFO - Exporting the following env vars:
AIRFLOW_CTX_DAG_OWNER=me
AIRFLOW_CTX_DAG_ID=***_tutorial_v01
AIRFLOW_CTX_TASK_ID=_print_world
AIRFLOW_CTX_EXECUTION_DATE=2017-06-03T16:00:00+00:00
AIRFLOW_CTX_TRY_NUMBER=1
AIRFLOW_CTX_DAG_RUN_ID=scheduled__2017-06-03T16:00:00+00:00
[2022-11-16T05:23:07.903+0000] {logging_mixin.py:117} INFO - hello world
[2022-11-16T05:23:07.904+0000] {python.py:177} INFO - Done. Returned value was: None
[2022-11-16T05:23:07.918+0000] {taskinstance.py:1406} INFO - Marking task as SUCCESS. dag_id=***_tutorial_v01, task_id=_print_world, execution_date=20170603T160000, start_date=20221116T052306, end_date=20221116T052307
[2022-11-16T05:23:07.994+0000] {local_task_job.py:164} INFO - Task exited with return code 0
[2022-11-16T05:23:08.023+0000] {local_task_job.py:273} INFO - 0 downstream tasks scheduled from follow-on schedule check
