[2022-11-15T20:50:13.151+0000] {taskinstance.py:1165} INFO - Dependencies all met for <TaskInstance: airflow_tutorial_v01.sleep scheduled__2017-06-01T02:00:00+00:00 [queued]>
[2022-11-15T20:50:13.182+0000] {taskinstance.py:1165} INFO - Dependencies all met for <TaskInstance: airflow_tutorial_v01.sleep scheduled__2017-06-01T02:00:00+00:00 [queued]>
[2022-11-15T20:50:13.183+0000] {taskinstance.py:1362} INFO - 
--------------------------------------------------------------------------------
[2022-11-15T20:50:13.186+0000] {taskinstance.py:1363} INFO - Starting attempt 1 of 2
[2022-11-15T20:50:13.207+0000] {taskinstance.py:1364} INFO - 
--------------------------------------------------------------------------------
[2022-11-15T20:50:13.242+0000] {taskinstance.py:1383} INFO - Executing <Task(BashOperator): sleep> on 2017-06-01 02:00:00+00:00
[2022-11-15T20:50:13.248+0000] {standard_task_runner.py:54} INFO - Started process 140 to run task
[2022-11-15T20:50:13.255+0000] {standard_task_runner.py:82} INFO - Running: ['***', 'tasks', 'run', '***_tutorial_v01', 'sleep', 'scheduled__2017-06-01T02:00:00+00:00', '--job-id', '18', '--raw', '--subdir', 'DAGS_FOLDER/test.py', '--cfg-path', '/tmp/tmpa8zn_f7i']
[2022-11-15T20:50:13.260+0000] {standard_task_runner.py:83} INFO - Job 18: Subtask sleep
[2022-11-15T20:50:13.263+0000] {dagbag.py:525} INFO - Filling up the DagBag from /opt/***/dags/test.py
[2022-11-15T20:50:13.468+0000] {task_command.py:384} INFO - Running <TaskInstance: airflow_tutorial_v01.sleep scheduled__2017-06-01T02:00:00+00:00 [running]> on host 693fa0444ec9
[2022-11-15T20:50:13.696+0000] {taskinstance.py:1592} INFO - Exporting the following env vars:
AIRFLOW_CTX_DAG_OWNER=me
AIRFLOW_CTX_DAG_ID=***_tutorial_v01
AIRFLOW_CTX_TASK_ID=sleep
AIRFLOW_CTX_EXECUTION_DATE=2017-06-01T02:00:00+00:00
AIRFLOW_CTX_TRY_NUMBER=1
AIRFLOW_CTX_DAG_RUN_ID=scheduled__2017-06-01T02:00:00+00:00
[2022-11-15T20:50:13.699+0000] {subprocess.py:63} INFO - Tmp dir root location: 
 /tmp
[2022-11-15T20:50:13.701+0000] {subprocess.py:75} INFO - Running command: ['/bin/bash', '-c', 'sleep 5']
[2022-11-15T20:50:13.747+0000] {subprocess.py:86} INFO - Output:
[2022-11-15T20:50:18.758+0000] {subprocess.py:97} INFO - Command exited with return code 0
[2022-11-15T20:50:18.790+0000] {taskinstance.py:1406} INFO - Marking task as SUCCESS. dag_id=***_tutorial_v01, task_id=sleep, execution_date=20170601T020000, start_date=20221115T205013, end_date=20221115T205018
[2022-11-15T20:50:18.844+0000] {local_task_job.py:164} INFO - Task exited with return code 0
[2022-11-15T20:50:18.864+0000] {local_task_job.py:273} INFO - 1 downstream tasks scheduled from follow-on schedule check
