[2022-11-16T05:55:11.168+0000] {taskinstance.py:1165} INFO - Dependencies all met for <TaskInstance: print_statements._print_hey scheduled__2017-08-11T00:00:00+00:00 [queued]>
[2022-11-16T05:55:11.188+0000] {taskinstance.py:1165} INFO - Dependencies all met for <TaskInstance: print_statements._print_hey scheduled__2017-08-11T00:00:00+00:00 [queued]>
[2022-11-16T05:55:11.191+0000] {taskinstance.py:1362} INFO - 
--------------------------------------------------------------------------------
[2022-11-16T05:55:11.198+0000] {taskinstance.py:1363} INFO - Starting attempt 1 of 2
[2022-11-16T05:55:11.207+0000] {taskinstance.py:1364} INFO - 
--------------------------------------------------------------------------------
[2022-11-16T05:55:11.249+0000] {taskinstance.py:1383} INFO - Executing <Task(_PythonDecoratedOperator): _print_hey> on 2017-08-11 00:00:00+00:00
[2022-11-16T05:55:11.270+0000] {standard_task_runner.py:54} INFO - Started process 546 to run task
[2022-11-16T05:55:11.276+0000] {standard_task_runner.py:82} INFO - Running: ['***', 'tasks', 'run', 'print_statements', '_print_hey', 'scheduled__2017-08-11T00:00:00+00:00', '--job-id', '145', '--raw', '--subdir', 'DAGS_FOLDER/test.py', '--cfg-path', '/tmp/tmpwa6g6qpl']
[2022-11-16T05:55:11.278+0000] {standard_task_runner.py:83} INFO - Job 145: Subtask _print_hey
[2022-11-16T05:55:11.289+0000] {dagbag.py:525} INFO - Filling up the DagBag from /opt/***/dags/test.py
[2022-11-16T05:55:11.796+0000] {task_command.py:384} INFO - Running <TaskInstance: print_statements._print_hey scheduled__2017-08-11T00:00:00+00:00 [running]> on host 999a890337df
[2022-11-16T05:55:11.886+0000] {taskinstance.py:1592} INFO - Exporting the following env vars:
AIRFLOW_CTX_DAG_OWNER=me
AIRFLOW_CTX_DAG_ID=print_statements
AIRFLOW_CTX_TASK_ID=_print_hey
AIRFLOW_CTX_EXECUTION_DATE=2017-08-11T00:00:00+00:00
AIRFLOW_CTX_TRY_NUMBER=1
AIRFLOW_CTX_DAG_RUN_ID=scheduled__2017-08-11T00:00:00+00:00
[2022-11-16T05:55:11.890+0000] {logging_mixin.py:117} INFO - hey gabriel
[2022-11-16T05:55:11.890+0000] {python.py:177} INFO - Done. Returned value was: None
[2022-11-16T05:55:11.899+0000] {taskinstance.py:1406} INFO - Marking task as SUCCESS. dag_id=print_statements, task_id=_print_hey, execution_date=20170811T000000, start_date=20221116T055511, end_date=20221116T055511
[2022-11-16T05:55:11.950+0000] {local_task_job.py:164} INFO - Task exited with return code 0
[2022-11-16T05:55:11.976+0000] {local_task_job.py:273} INFO - 0 downstream tasks scheduled from follow-on schedule check
